<?xml version="1.0" encoding="utf-8"?>
<TestRun id="4f682647-327b-48c1-867a-c6f7ff76553f" name="alejandra-mendoza@IMING-2 2026-09-23 14:15:30" runUser="IMSA\alejandra-mendoza" xmlns="http://microsoft.com/schemas/VisualStudio/TeamTest/2010">
  <Times creation="2026-09-23T14:15:30.9109795-06:00" queuing="2026-09-23T14:15:30.9109800-06:00" start="2026-09-23T14:15:25.2892844-06:00" finish="2026-09-23T14:15:31.7825900-06:00" />
  <TestSettings name="default" id="48892942-e6d7-4e0e-a35b-f828baf283ad">
    <Deployment runDeploymentRoot="alejandra-mendoza_IMING-2_2026-09-23_14_15_30" />
  </TestSettings>
  <Results>
    <UnitTestResult executionId="c90c7e27-2cec-4b27-a837-ce72a470594d" testId="b74fb373-8d5b-b285-0555-1ed9ad6007d1" testName="RackCad.Tests.I58F3SeamTests.Real_authorities_preserve_authored_across_the_complete_seam(mode: &quot;cantilever&quot;, outcome: &quot;Divergent&quot;, reverse: True)" computerName="IMING-2" duration="00:00:00.0039339" startTime="2026-09-23T14:15:31.1014795-06:00" endTime="2026-09-23T14:15:31.1014797-06:00" testType="13cdc9d9-ddb5-4fa4-a97d-d965ccfc6d4b" outcome="Passed" testListId="8c84fa94-04c1-424b-9868-57a2d4851a1d" relativeResultsDirectory="c90c7e27-2cec-4b27-a837-ce72a470594d" />
    <UnitTestResult executionId="c46da56c-89a1-44a6-b00e-b4460feaa330" testId="80fb6728-27b8-1bc2-b8eb-8e13d68bed8a" testName="RackCad.Tests.I58F3SeamTests.Real_authorities_preserve_authored_across_the_complete_seam(mode: &quot;dynamic&quot;, outcome: &quot;MixedUnreadable&quot;, reverse: False)" computerName="IMING-2" duration="00:00:00.0063858" startTime="2026-09-23T14:15:31.1607411-06:00" endTime="2026-09-23T14:15:31.1607414-06:00" testType="13cdc9d9-ddb5-4fa4-a97d-d965ccfc6d4b" outcome="Passed" testListId="8c84fa94-04c1-424b-9868-57a2d4851a1d" relativeResultsDirectory="c46da56c-89a1-44a6-b00e-b4460feaa330" />
    <UnitTestResult executionId="13df5def-8a7f-417c-a816-ef27bb62105e" testId="a6c202e2-96f2-df66-afe5-60c1215a4c89" testName="RackCad.Tests.I58F3SeamTests.Real_authorities_preserve_authored_across_the_complete_seam(mode: &quot;cantilever&quot;, outcome: &quot;MixedUnreadable&quot;, reverse: True)" computerName="IMING-2" duration="00:00:00.0058365" startTime="2026-09-23T14:15:30.8689497-06:00" endTime="2026-09-23T14:15:30.8689499-06:00" testType="13cdc9d9-ddb5-4fa4-a97d-d965ccfc6d4b" outcome="Passed" testListId="8c84fa94-04c1-424b-9868-57a2d4851a1d" relativeResultsDirectory="13df5def-8a7f-417c-a816-ef27bb62105e" />
    <UnitTestResult executionId="514e860b-89be-4439-bcd8-12425e1e26a4" testId="0c6c792c-fe20-1642-8c07-b2fcf008cca8" testName="RackCad.Tests.I58F3SeamTests.Real_authorities_preserve_authored_across_the_complete_seam(mode: &quot;dynamic&quot;, outcome: &quot;Single&quot;, reverse: True)" computerName="IMING-2" duration="00:00:00.0087999" startTime="2026-09-23T14:15:30.8856764-06:00" endTime="2026-09-23T14:15:30.8856766-06:00" testType="13cdc9d9-ddb5-4fa4-a97d-d965ccfc6d4b" outcome="Failed" testListId="8c84fa94-04c1-424b-9868-57a2d4851a1d" relativeResultsDirectory="514e860b-89be-4439-bcd8-12425e1e26a4">
      <Output>
        <ErrorInfo>
          <Message>Assert.Equal() Failure: Values differ&#xD;
Expected: 40&#xD;
Actual:   163</Message>
          <StackTrace>   at RackCad.Tests.I58F1DomainOracle.Values(PalletSpecification e, PalletSpecification a) in C:\Users\alejandra-mendoza\.codex\worktrees\architecture-shared-view-authored-comparators\tests\RackCad.Tests\I58F1DomainOracle.cs:line 109&#xD;
   at RackCad.Tests.I58F1DomainOracle.Values(DynamicRackDesign e, DynamicRackDesign a) in C:\Users\alejandra-mendoza\.codex\worktrees\architecture-shared-view-authored-comparators\tests\RackCad.Tests\I58F1DomainOracle.cs:line 19&#xD;
   at RackCad.Tests.I58F3SeamTests.Exercise[TAuthored,TResolved,TPlan](RackAuthoredInput input, String wanted, IRackAuthoredComparatorPort`2 comparator, Func`2 copy, Func`3 resolveFactory, Func`2 authority, Func`4 preparationFactory, Func`2 builder, IRackBlockRequirementExtractor`1 extractor, Action`2 values, Action`2 separate, Action`1 mutateWorking, Action`1 mutateEffective, Action`1 authoredInvariant, Action`1 resolvedInvariant, Action`1 planInvariant, DimensionViewKind view) in C:\Users\alejandra-mendoza\.codex\worktrees\architecture-shared-view-authored-comparators\tests\RackCad.Tests\I58F3SeamTests.cs:line 180&#xD;
   at RackCad.Tests.I58F3SeamTests.Real_authorities_preserve_authored_across_the_complete_seam(String mode, String outcome, Boolean reverse) in C:\Users\alejandra-mendoza\.codex\worktrees\architecture-shared-view-authored-comparators\tests\RackCad.Tests\I58F3SeamTests.cs:line 48&#xD;
   at InvokeStub_I58F3SeamTests.Real_authorities_preserve_authored_across_the_complete_seam(Object, Span`1)&#xD;
   at System.Reflection.MethodBaseInvoker.InvokeWithFewArgs(Object obj, BindingFlags invokeAttr, Binder binder, Object[] parameters, CultureInfo culture)</StackTrace>
        </ErrorInfo>
      </Output>
    </UnitTestResult>
    <UnitTestResult executionId="394e6550-00a3-40f0-870f-d73289e7ee15" testId="48364192-d80c-1121-4ad2-e743f5d38170" testName="RackCad.Tests.I58F3SeamTests.Real_authorities_preserve_authored_across_the_complete_seam(mode: &quot;cabecera&quot;, outcome: &quot;Unreadable&quot;, reverse: True)" computerName="IMING-2" duration="00:00:00.0021266" startTime="2026-09-23T14:15:31.1501555-06:00" endTime="2026-09-23T14:15:31.1501556-06:00" testType="13cdc9d9-ddb5-4fa4-a97d-d965ccfc6d4b" outcome="Passed" testListId="8c84fa94-04c1-424b-9868-57a2d4851a1d" relativeResultsDirectory="394e6550-00a3-40f0-870f-d73289e7ee15" />
    <UnitTestResult executionId="8f4000ce-b328-4a1c-a294-f6eb280fc031" testId="1efd7273-2509-2208-3452-a89cbe7bcb53" testName="RackCad.Tests.I58F3SeamTests.Real_authorities_preserve_authored_across_the_complete_seam(mode: &quot;dynamic&quot;, outcome: &quot;Divergent&quot;, reverse: True)" computerName="IMING-2" duration="00:00:00.0074187" startTime="2026-09-23T14:15:30.6300054-06:00" endTime="2026-09-23T14:15:30.6300058-06:00" testType="13cdc9d9-ddb5-4fa4-a97d-d965ccfc6d4b" outcome="Passed" testListId="8c84fa94-04c1-424b-9868-57a2d4851a1d" relativeResultsDirectory="8f4000ce-b328-4a1c-a294-f6eb280fc031" />
    <UnitTestResult executionId="427e9c61-efea-4150-8254-d33f2d246697" testId="5fba96b0-9372-1e70-e6f8-496712b49e63" testName="RackCad.Tests.I58F3SeamTests.Real_authorities_preserve_authored_across_the_complete_seam(mode: &quot;cabecera&quot;, outcome: &quot;Divergent&quot;, reverse: False)" computerName="IMING-2" duration="00:00:00.0044555" startTime="2026-09-23T14:15:30.8925947-06:00" endTime="2026-09-23T14:15:30.8925951-06:00" testType="13cdc9d9-ddb5-4fa4-a97d-d965ccfc6d4b" outcome="Passed" testListId="8c84fa94-04c1-424b-9868-57a2d4851a1d" relativeResultsDirectory="427e9c61-efea-4150-8254-d33f2d246697" />
    <UnitTestResult executionId="81efd17f-fec5-4f7c-a46e-b118a7b7e65b" testId="83ef3279-9d75-8325-3df2-e577b3ea7f37" testName="RackCad.Tests.I58F3SeamTests.Real_authorities_preserve_authored_across_the_complete_seam(mode: &quot;cabecera&quot;, outcome: &quot;MixedUnreadable&quot;, reverse: True)" computerName="IMING-2" duration="00:00:00.0042995" startTime="2026-09-23T14:15:31.6872900-06:00" endTime="2026-09-23T14:15:31.6872905-06:00" testType="13cdc9d9-ddb5-4fa4-a97d-d965ccfc6d4b" outcome="Passed" testListId="8c84fa94-04c1-424b-9868-57a2d4851a1d" relativeResultsDirectory="81efd17f-fec5-4f7c-a46e-b118a7b7e65b" />
    <UnitTestResult executionId="b3197f53-c338-4611-a631-8262373a43f1" testId="b56fb751-a9ea-5c88-53b5-549b487bd633" testName="RackCad.Tests.I58F3SeamTests.Real_authorities_preserve_authored_across_the_complete_seam(mode: &quot;dynamic-positive&quot;, outcome: &quot;Single&quot;, reverse: True)" computerName="IMING-2" duration="00:00:00.0078098" startTime="2026-09-23T14:15:31.1186403-06:00" endTime="2026-09-23T14:15:31.1186406-06:00" testType="13cdc9d9-ddb5-4fa4-a97d-d965ccfc6d4b" outcome="Failed" testListId="8c84fa94-04c1-424b-9868-57a2d4851a1d" relativeResultsDirectory="b3197f53-c338-4611-a631-8262373a43f1">
      <Output>
        <ErrorInfo>
          <Message>Assert.Equal() Failure: Values differ&#xD;
Expected: 40&#xD;
Actual:   163</Message>
          <StackTrace>   at RackCad.Tests.I58F1DomainOracle.Values(PalletSpecification e, PalletSpecification a) in C:\Users\alejandra-mendoza\.codex\worktrees\architecture-shared-view-authored-comparators\tests\RackCad.Tests\I58F1DomainOracle.cs:line 109&#xD;
   at RackCad.Tests.I58F1DomainOracle.Values(DynamicRackDesign e, DynamicRackDesign a) in C:\Users\alejandra-mendoza\.codex\worktrees\architecture-shared-view-authored-comparators\tests\RackCad.Tests\I58F1DomainOracle.cs:line 19&#xD;
   at RackCad.Tests.I58F3SeamTests.Exercise[TAuthored,TResolved,TPlan](RackAuthoredInput input, String wanted, IRackAuthoredComparatorPort`2 comparator, Func`2 copy, Func`3 resolveFactory, Func`2 authority, Func`4 preparationFactory, Func`2 builder, IRackBlockRequirementExtractor`1 extractor, Action`2 values, Action`2 separate, Action`1 mutateWorking, Action`1 mutateEffective, Action`1 authoredInvariant, Action`1 resolvedInvariant, Action`1 planInvariant, DimensionViewKind view) in C:\Users\alejandra-mendoza\.codex\worktrees\architecture-shared-view-authored-comparators\tests\RackCad.Tests\I58F3SeamTests.cs:line 180&#xD;
   at RackCad.Tests.I58F3SeamTests.Real_authorities_preserve_authored_across_the_complete_seam(String mode, String outcome, Boolean reverse) in C:\Users\alejandra-mendoza\.codex\worktrees\architecture-shared-view-authored-comparators\tests\RackCad.Tests\I58F3SeamTests.cs:line 48&#xD;
   at InvokeStub_I58F3SeamTests.Real_authorities_preserve_authored_across_the_complete_seam(Object, Span`1)&#xD;
   at System.Reflection.MethodBaseInvoker.InvokeWithFewArgs(Object obj, BindingFlags invokeAttr, Binder binder, Object[] parameters, CultureInfo culture)</StackTrace>
        </ErrorInfo>
      </Output>
    </UnitTestResult>
    <UnitTestResult executionId="85cea752-feaa-49bb-bcc8-126eeabab1e9" testId="41385d6a-e0bb-9500-5b08-17390da396f2" testName="RackCad.Tests.I58F3SeamTests.Real_authorities_preserve_authored_across_the_complete_seam(mode: &quot;pushback-composite&quot;, outcome: &quot;Divergent&quot;, reverse: False)" computerName="IMING-2" duration="00:00:00.0298796" startTime="2026-09-23T14:15:31.6625722-06:00" endTime="2026-09-23T14:15:31.6625726-06:00" testType="13cdc9d9-ddb5-4fa4-a97d-d965ccfc6d4b" outcome="Passed" testListId="8c84fa94-04c1-424b-9868-57a2d4851a1d" relativeResultsDirectory="85cea752-feaa-49bb-bcc8-126eeabab1e9" />
    <UnitTestResult executionId="c7af2dcf-81e8-4667-bb11-3978cc0a021e" testId="afdba2ba-da6a-3419-48bf-beed7d1d83ea" testName="RackCad.Tests.I58F3SeamTests.Real_authorities_preserve_authored_across_the_complete_seam(mode: &quot;cantilever&quot;, outcome: &quot;MixedUnreadable&quot;, reverse: False)" computerName="IMING-2" duration="00:00:00.0034992" startTime="2026-09-23T14:15:31.1210945-06:00" endTime="2026-09-23T14:15:31.1210946-06:00" testType="13cdc9d9-ddb5-4fa4-a97d-d965ccfc6d4b" outcome="Passed" testListId="8c84fa94-04c1-424b-9868-57a2d4851a1d" relativeResultsDirectory="c7af2dcf-81e8-4667-bb11-3978cc0a021e" />
    <UnitTestResult executionId="b75fd406-5ae3-4b37-b8fb-1759bf52666d" testId="2eebb99e-66fe-4212-278d-f42f696067a9" testName="RackCad.Tests.I58F3SeamTests.Real_authorities_preserve_authored_across_the_complete_seam(mode: &quot;dynamic-custom&quot;, outcome: &quot;Unreadable&quot;, reverse: False)" computerName="IMING-2" duration="00:00:00.0039635" startTime="2026-09-23T14:15:31.1542209-06:00" endTime="2026-09-23T14:15:31.1542210-06:00" testType="13cdc9d9-ddb5-4fa4-a97d-d965ccfc6d4b" outcome="Passed" testListId="8c84fa94-04c1-424b-9868-57a2d4851a1d" relativeResultsDirectory="b75fd406-5ae3-4b37-b8fb-1759bf52666d" />
    <UnitTestResult executionId="ae2d61bd-4c25-4e61-a462-a4cd85ba5f82" testId="96aa4a6e-65b8-4b8d-e853-b7cfa047e8df" testName="RackCad.Tests.I58F3SeamTests.Real_authorities_preserve_authored_across_the_complete_seam(mode: &quot;pushback-composite&quot;, outcome: &quot;Unreadable&quot;, reverse: False)" computerName="IMING-2" duration="00:00:00.0243787" startTime="2026-09-23T14:15:31.1479442-06:00" endTime="2026-09-23T14:15:31.1479446-06:00" testType="13cdc9d9-ddb5-4fa4-a97d-d965ccfc6d4b" outcome="Passed" testListId="8c84fa94-04c1-424b-9868-57a2d4851a1d" relativeResultsDirectory="ae2d61bd-4c25-4e61-a462-a4cd85ba5f82" />
    <UnitTestResult executionId="5872ccce-030d-4efe-b9bd-5f21f09b0974" testId="9f7bf403-f66d-bc4a-e838-bb875b007df2" testName="RackCad.Tests.I58F3SeamTests.Real_authorities_preserve_authored_across_the_complete_seam(mode: &quot;pushback-simple&quot;, outcome: &quot;Single&quot;, reverse: True)" computerName="IMING-2" duration="00:00:00.0143362" startTime="2026-09-23T14:15:30.9823827-06:00" endTime="2026-09-23T14:15:30.9823829-06:00" testType="13cdc9d9-ddb5-4fa4-a97d-d965ccfc6d4b" outcome="Failed" testListId="8c84fa94-04c1-424b-9868-57a2d4851a1d" relativeResultsDirectory="5872ccce-030d-4efe-b9bd-5f21f09b0974">
      <Output>
        <ErrorInfo>
          <Message>Assert.Equal() Failure: Values differ&#xD;
Expected: 40&#xD;
Actual:   163</Message>
          <StackTrace>   at RackCad.Tests.I58F1DomainOracle.Values(PalletSpecification e, PalletSpecification a) in C:\Users\alejandra-mendoza\.codex\worktrees\architecture-shared-view-authored-comparators\tests\RackCad.Tests\I58F1DomainOracle.cs:line 109&#xD;
   at RackCad.Tests.I58F1DomainOracle.Values(DynamicRackDesign e, DynamicRackDesign a) in C:\Users\alejandra-mendoza\.codex\worktrees\architecture-shared-view-authored-comparators\tests\RackCad.Tests\I58F1DomainOracle.cs:line 19&#xD;
   at RackCad.Tests.I58F1DomainOracle.Values(PushBackDesign e, PushBackDesign a) in C:\Users\alejandra-mendoza\.codex\worktrees\architecture-shared-view-authored-comparators\tests\RackCad.Tests\I58F1DomainOracle.cs:line 744&#xD;
   at RackCad.Tests.I58F3SeamTests.Exercise[TAuthored,TResolved,TPlan](RackAuthoredInput input, String wanted, IRackAuthoredComparatorPort`2 comparator, Func`2 copy, Func`3 resolveFactory, Func`2 authority, Func`4 preparationFactory, Func`2 builder, IRackBlockRequirementExtractor`1 extractor, Action`2 values, Action`2 separate, Action`1 mutateWorking, Action`1 mutateEffective, Action`1 authoredInvariant, Action`1 resolvedInvariant, Action`1 planInvariant, DimensionViewKind view) in C:\Users\alejandra-mendoza\.codex\worktrees\architecture-shared-view-authored-comparators\tests\RackCad.Tests\I58F3SeamTests.cs:line 180&#xD;
   at RackCad.Tests.I58F3SeamTests.Real_authorities_preserve_authored_across_the_complete_seam(String mode, String outcome, Boolean reverse) in C:\Users\alejandra-mendoza\.codex\worktrees\architecture-shared-view-authored-comparators\tests\RackCad.Tests\I58F3SeamTests.cs:line 63&#xD;
   at InvokeStub_I58F3SeamTests.Real_authorities_preserve_authored_across_the_complete_seam(Object, Span`1)&#xD;
   at System.Reflection.MethodBaseInvoker.InvokeWithFewArgs(Object obj, BindingFlags invokeAttr, Binder binder, Object[] parameters, CultureInfo culture)</StackTrace>
        </ErrorInfo>
      </Output>
    </UnitTestResult>
    <UnitTestResult executionId="6f5b7aef-8561-4594-a301-aaf10c3ed7d1" testId="928844c7-d491-6658-8829-fa98ef0024dd" testName="RackCad.Tests.I58F3SeamTests.Real_authorities_preserve_authored_across_the_complete_seam(mode: &quot;dynamic-positive&quot;, outcome: &quot;MixedUnreadable&quot;, reverse: False)" computerName="IMING-2" duration="00:00:00.0111569" startTime="2026-09-23T14:15:30.4785628-06:00" endTime="2026-09-23T14:15:30.4785630-06:00" testType="13cdc9d9-ddb5-4fa4-a97d-d965ccfc6d4b" outcome="Passed" testListId="8c84fa94-04c1-424b-9868-57a2d4851a1d" relativeResultsDirectory="6f5b7aef-8561-4594-a301-aaf10c3ed7d1" />
    <UnitTestResult executionId="2b765136-ca75-4e02-a1a1-82a8454bbd02" testId="8d79305b-3637-fbd2-b2bf-4388a666b5e7" testName="RackCad.Tests.I58F3SeamTests.Real_authorities_preserve_authored_across_the_complete_seam(mode: &quot;dynamic-custom&quot;, outcome: &quot;Divergent&quot;, reverse: False)" computerName="IMING-2" duration="00:00:00.0060605" startTime="2026-09-23T14:15:31.5252399-06:00" endTime="2026-09-23T14:15:31.5252404-06:00" testType="13cdc9d9-ddb5-4fa4-a97d-d965ccfc6d4b" outcome="Passed" testListId="8c84fa94-04c1-424b-9868-57a2d4851a1d" relativeResultsDirectory="2b765136-ca75-4e02-a1a1-82a8454bbd02" />
    <UnitTestResult executionId="f1e48ba1-3ed3-47ac-b063-92b3618fc009" testId="48d4e741-b063-b6c6-9663-fdfd550c6f8d" testName="RackCad.Tests.I58F3SeamTests.Real_authorities_preserve_authored_across_the_complete_seam(mode: &quot;cantilever&quot;, outcome: &quot;Single&quot;, reverse: True)" computerName="IMING-2" duration="00:00:00.0221842" startTime="2026-09-23T14:15:31.5814784-06:00" endTime="2026-09-23T14:15:31.5814787-06:00" testType="13cdc9d9-ddb5-4fa4-a97d-d965ccfc6d4b" outcome="Failed" testListId="8c84fa94-04c1-424b-9868-57a2d4851a1d" relativeResultsDirectory="f1e48ba1-3ed3-47ac-b063-92b3618fc009">
      <Output>
        <ErrorInfo>
          <Message>Assert.Equal() Failure: Values differ&#xD;
Expected: 22222222-2222-2222-2222-222222222222&#xD;
Actual:   00000000-0000-0000-0000-000000000000</Message>
          <StackTrace>   at RackCad.Tests.I58F1DomainOracle.Values(CantileverLineDesign e, CantileverLineDesign a) in C:\Users\alejandra-mendoza\.codex\worktrees\architecture-shared-view-authored-comparators\tests\RackCad.Tests\I58F1DomainOracle.cs:line 931&#xD;
   at RackCad.Tests.I58F3SeamTests.Exercise[TAuthored,TResolved,TPlan](RackAuthoredInput input, String wanted, IRackAuthoredComparatorPort`2 comparator, Func`2 copy, Func`3 resolveFactory, Func`2 authority, Func`4 preparationFactory, Func`2 builder, IRackBlockRequirementExtractor`1 extractor, Action`2 values, Action`2 separate, Action`1 mutateWorking, Action`1 mutateEffective, Action`1 authoredInvariant, Action`1 resolvedInvariant, Action`1 planInvariant, DimensionViewKind view) in C:\Users\alejandra-mendoza\.codex\worktrees\architecture-shared-view-authored-comparators\tests\RackCad.Tests\I58F3SeamTests.cs:line 180&#xD;
   at RackCad.Tests.I58F3SeamTests.Real_authorities_preserve_authored_across_the_complete_seam(String mode, String outcome, Boolean reverse) in C:\Users\alejandra-mendoza\.codex\worktrees\architecture-shared-view-authored-comparators\tests\RackCad.Tests\I58F3SeamTests.cs:line 85&#xD;
   at InvokeStub_I58F3SeamTests.Real_authorities_preserve_authored_across_the_complete_seam(Object, Span`1)&#xD;
   at System.Reflection.MethodBaseInvoker.InvokeWithFewArgs(Object obj, BindingFlags invokeAttr, Binder binder, Object[] parameters, CultureInfo culture)</StackTrace>
        </ErrorInfo>
      </Output>
    </UnitTestResult>
    <UnitTestResult executionId="39256b9e-848d-4e56-8a37-2ff3fd238401" testId="ae05cf5f-51af-e48c-5185-97a8110e180d" testName="RackCad.Tests.I58F3SeamTests.Real_authorities_preserve_authored_across_the_complete_seam(mode: &quot;pushback-simple&quot;, outcome: &quot;MixedUnreadable&quot;, reverse: True)" computerName="IMING-2" duration="00:00:00.0073686" startTime="2026-09-23T14:15:31.4847074-06:00" endTime="2026-09-23T14:15:31.4847077-06:00" testType="13cdc9d9-ddb5-4fa4-a97d-d965ccfc6d4b" outcome="Passed" testListId="8c84fa94-04c1-424b-9868-57a2d4851a1d" relativeResultsDirectory="39256b9e-848d-4e56-8a37-2ff3fd238401" />
    <UnitTestResult executionId="186d2101-b664-4ef6-a865-b824182f0360" testId="96a23857-6866-941a-9797-9d288fb36942" testName="RackCad.Tests.I58F3SeamTests.Real_authorities_preserve_authored_across_the_complete_seam(mode: &quot;dynamic&quot;, outcome: &quot;Unreadable&quot;, reverse: True)" computerName="IMING-2" duration="00:00:00.0057196" startTime="2026-09-23T14:15:31.6261084-06:00" endTime="2026-09-23T14:15:31.6261088-06:00" testType="13cdc9d9-ddb5-4fa4-a97d-d965ccfc6d4b" outcome="Passed" testListId="8c84fa94-04c1-424b-9868-57a2d4851a1d" relativeResultsDirectory="186d2101-b664-4ef6-a865-b824182f0360" />
    <UnitTestResult executionId="8b679173-757f-4393-8130-16e2fb82bc70" testId="bb3e6953-427f-c2c7-663b-4fd2a41467ea" testName="RackCad.Tests.I58F3SeamTests.Real_authorities_preserve_authored_across_the_complete_seam(mode: &quot;dynamic-custom&quot;, outcome: &quot;Unreadable&quot;, reverse: True)" computerName="IMING-2" duration="00:00:00.0063832" startTime="2026-09-23T14:15:30.6365103-06:00" endTime="2026-09-23T14:15:30.6365108-06:00" testType="13cdc9d9-ddb5-4fa4-a97d-d965ccfc6d4b" outcome="Passed" testListId="8c84fa94-04c1-424b-9868-57a2d4851a1d" relativeResultsDirectory="8b679173-757f-4393-8130-16e2fb82bc70" />
    <UnitTestResult executionId="b14e92a8-cc2e-4a9c-a58d-2f720c88b5f4" testId="46844f8a-1091-9e03-ef24-101511ba35cd" testName="RackCad.Tests.I58F3SeamTests.Real_authorities_preserve_authored_across_the_complete_seam(mode: &quot;cabecera&quot;, outcome: &quot;MixedUnreadable&quot;, reverse: False)" computerName="IMING-2" duration="00:00:00.0031571" startTime="2026-09-23T14:15:30.8879467-06:00" endTime="2026-09-23T14:15:30.8879470-06:00" testType="13cdc9d9-ddb5-4fa4-a97d-d965ccfc6d4b" outcome="Passed" testListId="8c84fa94-04c1-424b-9868-57a2d4851a1d" relativeResultsDirectory="b14e92a8-cc2e-4a9c-a58d-2f720c88b5f4" />
    <UnitTestResult executionId="484cd6a2-3c8f-4372-a671-ffac17bc67d8" testId="a6232144-fe5a-1b68-591e-8ef22664b0a8" testName="RackCad.Tests.I58F3SeamTests.Real_authorities_preserve_authored_across_the_complete_seam(mode: &quot;cabecera&quot;, outcome: &quot;Single&quot;, reverse: True)" computerName="IMING-2" duration="00:00:00.0139333" startTime="2026-09-23T14:15:30.8764567-06:00" endTime="2026-09-23T14:15:30.8764570-06:00" testType="13cdc9d9-ddb5-4fa4-a97d-d965ccfc6d4b" outcome="Failed" testListId="8c84fa94-04c1-424b-9868-57a2d4851a1d" relativeResultsDirectory="484cd6a2-3c8f-4372-a671-ffac17bc67d8">
      <Output>
        <ErrorInfo>
          <Message>Assert.Empty() Failure: Collection was not empty&#xD;
Collection: [FrameMember { Angle = 0, CatalogId = "H", End = FrameMemberEnd { ConnectionPointId = "h1", Elevation = 12, HorizontalPositionRatio = 1, PostSide = Right, Role = RightUpright }, IsStandard = True, Length = 48, ··· }, FrameMember { Angle = 0, CatalogId = "H", End = FrameMemberEnd { ConnectionPointId = "h2", Elevation = 120, HorizontalPositionRatio = 1, PostSide = Right, Role = RightUpright }, IsStandard = True, Length = 48, ··· }]</Message>
          <StackTrace>   at RackCad.Tests.I58F3SeamTests.&lt;&gt;c.&lt;Real_authorities_preserve_authored_across_the_complete_seam&gt;b__1_18(RackFrameConfiguration a) in C:\Users\alejandra-mendoza\.codex\worktrees\architecture-shared-view-authored-comparators\tests\RackCad.Tests\I58F3SeamTests.cs:line 106&#xD;
   at RackCad.Tests.I58F3SeamTests.Exercise[TAuthored,TResolved,TPlan](RackAuthoredInput input, String wanted, IRackAuthoredComparatorPort`2 comparator, Func`2 copy, Func`3 resolveFactory, Func`2 authority, Func`4 preparationFactory, Func`2 builder, IRackBlockRequirementExtractor`1 extractor, Action`2 values, Action`2 separate, Action`1 mutateWorking, Action`1 mutateEffective, Action`1 authoredInvariant, Action`1 resolvedInvariant, Action`1 planInvariant, DimensionViewKind view) in C:\Users\alejandra-mendoza\.codex\worktrees\architecture-shared-view-authored-comparators\tests\RackCad.Tests\I58F3SeamTests.cs:line 168&#xD;
   at RackCad.Tests.I58F3SeamTests.Real_authorities_preserve_authored_across_the_complete_seam(String mode, String outcome, Boolean reverse) in C:\Users\alejandra-mendoza\.codex\worktrees\architecture-shared-view-authored-comparators\tests\RackCad.Tests\I58F3SeamTests.cs:line 99&#xD;
   at InvokeStub_I58F3SeamTests.Real_authorities_preserve_authored_across_the_complete_seam(Object, Span`1)&#xD;
   at System.Reflection.MethodBaseInvoker.InvokeWithFewArgs(Object obj, BindingFlags invokeAttr, Binder binder, Object[] parameters, CultureInfo culture)</StackTrace>
        </ErrorInfo>
      </Output>
    </UnitTestResult>
    <UnitTestResult executionId="f11724ba-2cd8-4dc7-bdb5-e3bf8b36cec2" testId="65c547a5-ea71-d346-ee03-2c7fa15f5057" testName="RackCad.Tests.I58F3SeamTests.Real_authorities_preserve_authored_across_the_complete_seam(mode: &quot;pushback-composite&quot;, outcome: &quot;Single&quot;, reverse: False)" computerName="IMING-2" duration="00:00:00.0391450" startTime="2026-09-23T14:15:31.6213043-06:00" endTime="2026-09-23T14:15:31.6213046-06:00" testType="13cdc9d9-ddb5-4fa4-a97d-d965ccfc6d4b" outcome="Failed" testListId="8c84fa94-04c1-424b-9868-57a2d4851a1d" relativeResultsDirectory="f11724ba-2cd8-4dc7-bdb5-e3bf8b36cec2">
      <Output>
        <ErrorInfo>
          <Message>Assert.Equal() Failure: Values differ&#xD;
Expected: 42&#xD;
Actual:   165</Message>
          <StackTrace>   at RackCad.Tests.I58F1DomainOracle.Values(PalletSpecification e, PalletSpecification a) in C:\Users\alejandra-mendoza\.codex\worktrees\architecture-shared-view-authored-comparators\tests\RackCad.Tests\I58F1DomainOracle.cs:line 109&#xD;
   at RackCad.Tests.I58F1DomainOracle.Values(DynamicRackDesign e, DynamicRackDesign a) in C:\Users\alejandra-mendoza\.codex\worktrees\architecture-shared-view-authored-comparators\tests\RackCad.Tests\I58F1DomainOracle.cs:line 19&#xD;
   at RackCad.Tests.I58F1DomainOracle.Values(PushBackDesign e, PushBackDesign a) in C:\Users\alejandra-mendoza\.codex\worktrees\architecture-shared-view-authored-comparators\tests\RackCad.Tests\I58F1DomainOracle.cs:line 744&#xD;
   at RackCad.Tests.I58F3SeamTests.Exercise[TAuthored,TResolved,TPlan](RackAuthoredInput input, String wanted, IRackAuthoredComparatorPort`2 comparator, Func`2 copy, Func`3 resolveFactory, Func`2 authority, Func`4 preparationFactory, Func`2 builder, IRackBlockRequirementExtractor`1 extractor, Action`2 values, Action`2 separate, Action`1 mutateWorking, Action`1 mutateEffective, Action`1 authoredInvariant, Action`1 resolvedInvariant, Action`1 planInvariant, DimensionViewKind view) in C:\Users\alejandra-mendoza\.codex\worktrees\architecture-shared-view-authored-comparators\tests\RackCad.Tests\I58F3SeamTests.cs:line 180&#xD;
   at RackCad.Tests.I58F3SeamTests.Real_authorities_preserve_authored_across_the_complete_seam(String mode, String outcome, Boolean reverse) in C:\Users\alejandra-mendoza\.codex\worktrees\architecture-shared-view-authored-comparators\tests\RackCad.Tests\I58F3SeamTests.cs:line 63&#xD;
   at InvokeStub_I58F3SeamTests.Real_authorities_preserve_authored_across_the_complete_seam(Object, Span`1)&#xD;
   at System.Reflection.MethodBaseInvoker.InvokeWithFewArgs(Object obj, BindingFlags invokeAttr, Binder binder, Object[] parameters, CultureInfo culture)</StackTrace>
        </ErrorInfo>
      </Output>
    </UnitTestResult>
    <UnitTestResult executionId="b73a1d5b-c18e-41e2-98a4-1c867a8ca413" testId="bdafd36d-57e5-c73f-b89e-6b3fef05be5d" testName="RackCad.Tests.I58F3SeamTests.Real_authorities_preserve_authored_across_the_complete_seam(mode: &quot;pushback-simple&quot;, outcome: &quot;Unreadable&quot;, reverse: True)" computerName="IMING-2" duration="00:00:00.0052103" startTime="2026-09-23T14:15:31.1705238-06:00" endTime="2026-09-23T14:15:31.1705241-06:00" testType="13cdc9d9-ddb5-4fa4-a97d-d965ccfc6d4b" outcome="Passed" testListId="8c84fa94-04c1-424b-9868-57a2d4851a1d" relativeResultsDirectory="b73a1d5b-c18e-41e2-98a4-1c867a8ca413" />
    <UnitTestResult executionId="3a2e1bef-631c-45da-8e13-5a25ffd14d77" testId="d18e189b-2f33-5daf-54f8-6aed548ea556" testName="RackCad.Tests.I58F3SeamTests.Real_authorities_preserve_authored_across_the_complete_seam(mode: &quot;pushback-composite&quot;, outcome: &quot;MixedUnreadable&quot;, reverse: True)" computerName="IMING-2" duration="00:00:00.0260741" startTime="2026-09-23T14:15:31.5108819-06:00" endTime="2026-09-23T14:15:31.5108822-06:00" testType="13cdc9d9-ddb5-4fa4-a97d-d965ccfc6d4b" outcome="Passed" testListId="8c84fa94-04c1-424b-9868-57a2d4851a1d" relativeResultsDirectory="3a2e1bef-631c-45da-8e13-5a25ffd14d77" />
    <UnitTestResult executionId="6aa6fa32-184e-4358-8098-8bbaa542ffc7" testId="7d887cc4-70c3-10e7-2ad4-911f289bf87a" testName="RackCad.Tests.I58F3SeamTests.Real_authorities_preserve_authored_across_the_complete_seam(mode: &quot;dynamic-custom&quot;, outcome: &quot;Single&quot;, reverse: True)" computerName="IMING-2" duration="00:00:00.0076432" startTime="2026-09-23T14:15:31.1101897-06:00" endTime="2026-09-23T14:15:31.1101905-06:00" testType="13cdc9d9-ddb5-4fa4-a97d-d965ccfc6d4b" outcome="Failed" testListId="8c84fa94-04c1-424b-9868-57a2d4851a1d" relativeResultsDirectory="6aa6fa32-184e-4358-8098-8bbaa542ffc7">
      <Output>
        <ErrorInfo>
          <Message>Assert.Equal() Failure: Values differ&#xD;
Expected: 40&#xD;
Actual:   163</Message>
          <StackTrace>   at RackCad.Tests.I58F1DomainOracle.Values(PalletSpecification e, PalletSpecification a) in C:\Users\alejandra-mendoza\.codex\worktrees\architecture-shared-view-authored-comparators\tests\RackCad.Tests\I58F1DomainOracle.cs:line 109&#xD;
   at RackCad.Tests.I58F1DomainOracle.Values(DynamicRackDesign e, DynamicRackDesign a) in C:\Users\alejandra-mendoza\.codex\worktrees\architecture-shared-view-authored-comparators\tests\RackCad.Tests\I58F1DomainOracle.cs:line 19&#xD;
   at RackCad.Tests.I58F3SeamTests.Exercise[TAuthored,TResolved,TPlan](RackAuthoredInput input, String wanted, IRackAuthoredComparatorPort`2 comparator, Func`2 copy, Func`3 resolveFactory, Func`2 authority, Func`4 preparationFactory, Func`2 builder, IRackBlockRequirementExtractor`1 extractor, Action`2 values, Action`2 separate, Action`1 mutateWorking, Action`1 mutateEffective, Action`1 authoredInvariant, Action`1 resolvedInvariant, Action`1 planInvariant, DimensionViewKind view) in C:\Users\alejandra-mendoza\.codex\worktrees\architecture-shared-view-authored-comparators\tests\RackCad.Tests\I58F3SeamTests.cs:line 180&#xD;
   at RackCad.Tests.I58F3SeamTests.Real_authorities_preserve_authored_across_the_complete_seam(String mode, String outcome, Boolean reverse) in C:\Users\alejandra-mendoza\.codex\worktrees\architecture-shared-view-authored-comparators\tests\RackCad.Tests\I58F3SeamTests.cs:line 48&#xD;
   at InvokeStub_I58F3SeamTests.Real_authorities_preserve_authored_across_the_complete_seam(Object, Span`1)&#xD;
   at System.Reflection.MethodBaseInvoker.InvokeWithFewArgs(Object obj, BindingFlags invokeAttr, Binder binder, Object[] parameters, CultureInfo culture)</StackTrace>
        </ErrorInfo>
      </Output>
    </UnitTestResult>
    <UnitTestResult executionId="d7e53c91-8348-498d-8da3-9dc9833a4acf" testId="904595fe-be55-f9a7-367e-f18d546796ad" testName="RackCad.Tests.I58F3SeamTests.Real_authorities_preserve_authored_across_the_complete_seam(mode: &quot;pushback-simple&quot;, outcome: &quot;Divergent&quot;, reverse: False)" computerName="IMING-2" duration="00:00:00.0076634" startTime="2026-09-23T14:15:31.0408052-06:00" endTime="2026-09-23T14:15:31.0408057-06:00" testType="13cdc9d9-ddb5-4fa4-a97d-d965ccfc6d4b" outcome="Passed" testListId="8c84fa94-04c1-424b-9868-57a2d4851a1d" relativeResultsDirectory="d7e53c91-8348-498d-8da3-9dc9833a4acf" />
    <UnitTestResult executionId="fc4eef64-38b1-4ce7-a57e-097fc86e4e7a" testId="1d2e8994-3991-0732-edbd-77955bff352c" testName="RackCad.Tests.I58F3SeamTests.Real_authorities_preserve_authored_across_the_complete_seam(mode: &quot;pushback-composite&quot;, outcome: &quot;MixedUnreadable&quot;, reverse: False)" computerName="IMING-2" duration="00:00:00.0414611" startTime="2026-09-23T14:15:30.8551844-06:00" endTime="2026-09-23T14:15:30.8551856-06:00" testType="13cdc9d9-ddb5-4fa4-a97d-d965ccfc6d4b" outcome="Passed" testListId="8c84fa94-04c1-424b-9868-57a2d4851a1d" relativeResultsDirectory="fc4eef64-38b1-4ce7-a57e-097fc86e4e7a" />
    <UnitTestResult executionId="ca8ced3a-13da-48bb-bc9c-d83cd05571e7" testId="dee4799b-7720-bdc1-34f5-af6e6789ab82" testName="RackCad.Tests.I58F3SeamTests.Real_authorities_preserve_authored_across_the_complete_seam(mode: &quot;cantilever&quot;, outcome: &quot;Unreadable&quot;, reverse: True)" computerName="IMING-2" duration="00:00:00.0042922" startTime="2026-09-23T14:15:30.9855651-06:00" endTime="2026-09-23T14:15:30.9855652-06:00" testType="13cdc9d9-ddb5-4fa4-a97d-d965ccfc6d4b" outcome="Passed" testListId="8c84fa94-04c1-424b-9868-57a2d4851a1d" relativeResultsDirectory="ca8ced3a-13da-48bb-bc9c-d83cd05571e7" />
    <UnitTestResult executionId="97683f07-d4d1-49bc-8bf2-5bb10be8ef6c" testId="5ca8fc80-db81-620a-c5e2-717aa6213b7a" testName="RackCad.Tests.I58F3SeamTests.Real_authorities_preserve_authored_across_the_complete_seam(mode: &quot;dynamic-positive&quot;, outcome: &quot;Divergent&quot;, reverse: True)" computerName="IMING-2" duration="00:00:00.0051583" startTime="2026-09-23T14:15:31.5190393-06:00" endTime="2026-09-23T14:15:31.5190397-06:00" testType="13cdc9d9-ddb5-4fa4-a97d-d965ccfc6d4b" outcome="Passed" testListId="8c84fa94-04c1-424b-9868-57a2d4851a1d" relativeResultsDirectory="97683f07-d4d1-49bc-8bf2-5bb10be8ef6c" />
    <UnitTestResult executionId="e79a4c15-e660-4fde-ae3d-46eb2d6f6e3c" testId="08c08668-0cdf-5a32-8365-4d072a0d063e" testName="RackCad.Tests.I58F3SeamTests.Real_authorities_preserve_authored_across_the_complete_seam(mode: &quot;pushback-simple&quot;, outcome: &quot;MixedUnreadable&quot;, reverse: False)" computerName="IMING-2" duration="00:00:00.0066159" startTime="2026-09-23T14:15:31.6692482-06:00" endTime="2026-09-23T14:15:31.6692486-06:00" testType="13cdc9d9-ddb5-4fa4-a97d-d965ccfc6d4b" outcome="Passed" testListId="8c84fa94-04c1-424b-9868-57a2d4851a1d" relativeResultsDirectory="e79a4c15-e660-4fde-ae3d-46eb2d6f6e3c" />
    <UnitTestResult executionId="a6e6884f-f211-4e13-93f0-50a658ba9eb1" testId="bc64f83b-9ebf-7a29-b254-4ed3da9293c1" testName="RackCad.Tests.I58F3SeamTests.Real_authorities_preserve_authored_across_the_complete_seam(mode: &quot;pushback-simple&quot;, outcome: &quot;Single&quot;, reverse: False)" computerName="IMING-2" duration="00:00:00.1493024" startTime="2026-09-23T14:15:30.8120638-06:00" endTime="2026-09-23T14:15:30.8120642-06:00" testType="13cdc9d9-ddb5-4fa4-a97d-d965ccfc6d4b" outcome="Failed" testListId="8c84fa94-04c1-424b-9868-57a2d4851a1d" relativeResultsDirectory="a6e6884f-f211-4e13-93f0-50a658ba9eb1">
      <Output>
        <ErrorInfo>
          <Message>Assert.Equal() Failure: Values differ&#xD;
Expected: 40&#xD;
Actual:   163</Message>
          <StackTrace>   at RackCad.Tests.I58F1DomainOracle.Values(PalletSpecification e, PalletSpecification a) in C:\Users\alejandra-mendoza\.codex\worktrees\architecture-shared-view-authored-comparators\tests\RackCad.Tests\I58F1DomainOracle.cs:line 109&#xD;
   at RackCad.Tests.I58F1DomainOracle.Values(DynamicRackDesign e, DynamicRackDesign a) in C:\Users\alejandra-mendoza\.codex\worktrees\architecture-shared-view-authored-comparators\tests\RackCad.Tests\I58F1DomainOracle.cs:line 19&#xD;
   at RackCad.Tests.I58F1DomainOracle.Values(PushBackDesign e, PushBackDesign a) in C:\Users\alejandra-mendoza\.codex\worktrees\architecture-shared-view-authored-comparators\tests\RackCad.Tests\I58F1DomainOracle.cs:line 744&#xD;
   at RackCad.Tests.I58F3SeamTests.Exercise[TAuthored,TResolved,TPlan](RackAuthoredInput input, String wanted, IRackAuthoredComparatorPort`2 comparator, Func`2 copy, Func`3 resolveFactory, Func`2 authority, Func`4 preparationFactory, Func`2 builder, IRackBlockRequirementExtractor`1 extractor, Action`2 values, Action`2 separate, Action`1 mutateWorking, Action`1 mutateEffective, Action`1 authoredInvariant, Action`1 resolvedInvariant, Action`1 planInvariant, DimensionViewKind view) in C:\Users\alejandra-mendoza\.codex\worktrees\architecture-shared-view-authored-comparators\tests\RackCad.Tests\I58F3SeamTests.cs:line 180&#xD;
   at RackCad.Tests.I58F3SeamTests.Real_authorities_preserve_authored_across_the_complete_seam(String mode, String outcome, Boolean reverse) in C:\Users\alejandra-mendoza\.codex\worktrees\architecture-shared-view-authored-comparators\tests\RackCad.Tests\I58F3SeamTests.cs:line 63&#xD;
   at InvokeStub_I58F3SeamTests.Real_authorities_preserve_authored_across_the_complete_seam(Object, Span`1)&#xD;
   at System.Reflection.MethodBaseInvoker.InvokeWithFewArgs(Object obj, BindingFlags invokeAttr, Binder binder, Object[] parameters, CultureInfo culture)</StackTrace>
        </ErrorInfo>
      </Output>
    </UnitTestResult>
    <UnitTestResult executionId="edf30a58-1d70-4e23-ae14-5b784f56590a" testId="b32c5b06-76ff-3452-f02f-719af71e3ace" testName="RackCad.Tests.I58F3SeamTests.Real_authorities_preserve_authored_across_the_complete_seam(mode: &quot;dynamic-positive&quot;, outcome: &quot;Unreadable&quot;, reverse: True)" computerName="IMING-2" duration="00:00:00.0520430" startTime="2026-09-23T14:15:30.4678328-06:00" endTime="2026-09-23T14:15:30.4678716-06:00" testType="13cdc9d9-ddb5-4fa4-a97d-d965ccfc6d4b" outcome="Passed" testListId="8c84fa94-04c1-424b-9868-57a2d4851a1d" relativeResultsDirectory="edf30a58-1d70-4e23-ae14-5b784f56590a" />
    <UnitTestResult executionId="c4c99fb0-00c3-43cd-8e4b-f3fc65d0245d" testId="dc3cbb94-5ade-2f9b-fde5-a14ea6ab2c02" testName="RackCad.Tests.I58F3SeamTests.Real_authorities_preserve_authored_across_the_complete_seam(mode: &quot;pushback-composite&quot;, outcome: &quot;Unreadable&quot;, reverse: True)" computerName="IMING-2" duration="00:00:00.0205807" startTime="2026-09-23T14:15:31.5582908-06:00" endTime="2026-09-23T14:15:31.5582917-06:00" testType="13cdc9d9-ddb5-4fa4-a97d-d965ccfc6d4b" outcome="Passed" testListId="8c84fa94-04c1-424b-9868-57a2d4851a1d" relativeResultsDirectory="c4c99fb0-00c3-43cd-8e4b-f3fc65d0245d" />
    <UnitTestResult executionId="bd4be698-f265-4990-96df-3c7db1f11eed" testId="d75278a1-3b4d-ef68-9c50-a98da6e3a1fc" testName="RackCad.Tests.I58F3SeamTests.Real_authorities_preserve_authored_across_the_complete_seam(mode: &quot;dynamic-positive&quot;, outcome: &quot;Single&quot;, reverse: False)" computerName="IMING-2" duration="00:00:00.0061294" startTime="2026-09-23T14:15:31.6335701-06:00" endTime="2026-09-23T14:15:31.6335703-06:00" testType="13cdc9d9-ddb5-4fa4-a97d-d965ccfc6d4b" outcome="Failed" testListId="8c84fa94-04c1-424b-9868-57a2d4851a1d" relativeResultsDirectory="bd4be698-f265-4990-96df-3c7db1f11eed">
      <Output>
        <ErrorInfo>
          <Message>Assert.Equal() Failure: Values differ&#xD;
Expected: 40&#xD;
Actual:   163</Message>
          <StackTrace>   at RackCad.Tests.I58F1DomainOracle.Values(PalletSpecification e, PalletSpecification a) in C:\Users\alejandra-mendoza\.codex\worktrees\architecture-shared-view-authored-comparators\tests\RackCad.Tests\I58F1DomainOracle.cs:line 109&#xD;
   at RackCad.Tests.I58F1DomainOracle.Values(DynamicRackDesign e, DynamicRackDesign a) in C:\Users\alejandra-mendoza\.codex\worktrees\architecture-shared-view-authored-comparators\tests\RackCad.Tests\I58F1DomainOracle.cs:line 19&#xD;
   at RackCad.Tests.I58F3SeamTests.Exercise[TAuthored,TResolved,TPlan](RackAuthoredInput input, String wanted, IRackAuthoredComparatorPort`2 comparator, Func`2 copy, Func`3 resolveFactory, Func`2 authority, Func`4 preparationFactory, Func`2 builder, IRackBlockRequirementExtractor`1 extractor, Action`2 values, Action`2 separate, Action`1 mutateWorking, Action`1 mutateEffective, Action`1 authoredInvariant, Action`1 resolvedInvariant, Action`1 planInvariant, DimensionViewKind view) in C:\Users\alejandra-mendoza\.codex\worktrees\architecture-shared-view-authored-comparators\tests\RackCad.Tests\I58F3SeamTests.cs:line 180&#xD;
   at RackCad.Tests.I58F3SeamTests.Real_authorities_preserve_authored_across_the_complete_seam(String mode, String outcome, Boolean reverse) in C:\Users\alejandra-mendoza\.codex\worktrees\architecture-shared-view-authored-comparators\tests\RackCad.Tests\I58F3SeamTests.cs:line 48&#xD;
   at InvokeStub_I58F3SeamTests.Real_authorities_preserve_authored_across_the_complete_seam(Object, Span`1)&#xD;
   at System.Reflection.MethodBaseInvoker.InvokeWithFewArgs(Object obj, BindingFlags invokeAttr, Binder binder, Object[] parameters, CultureInfo culture)</StackTrace>
        </ErrorInfo>
      </Output>
    </UnitTestResult>
    <UnitTestResult executionId="2c8d2009-8eb1-4e54-b58f-df0c39b79034" testId="54c06764-d5a4-ddc5-98b9-5a3d160ad5ac" testName="RackCad.Tests.I58F3SeamTests.Real_authorities_preserve_authored_across_the_complete_seam(mode: &quot;cabecera&quot;, outcome: &quot;Divergent&quot;, reverse: True)" computerName="IMING-2" duration="00:00:00.0022564" startTime="2026-09-23T14:15:31.1234264-06:00" endTime="2026-09-23T14:15:31.1234266-06:00" testType="13cdc9d9-ddb5-4fa4-a97d-d965ccfc6d4b" outcome="Passed" testListId="8c84fa94-04c1-424b-9868-57a2d4851a1d" relativeResultsDirectory="2c8d2009-8eb1-4e54-b58f-df0c39b79034" />
    <UnitTestResult executionId="999b8380-3b6c-490c-933f-c268fee30394" testId="fe5f0d86-dffb-8a2e-e84a-d886d4ca1d78" testName="RackCad.Tests.I58F3SeamTests.Real_authorities_preserve_authored_across_the_complete_seam(mode: &quot;dynamic&quot;, outcome: &quot;MixedUnreadable&quot;, reverse: True)" computerName="IMING-2" duration="00:00:00.0072872" startTime="2026-09-23T14:15:31.6767026-06:00" endTime="2026-09-23T14:15:31.6767030-06:00" testType="13cdc9d9-ddb5-4fa4-a97d-d965ccfc6d4b" outcome="Passed" testListId="8c84fa94-04c1-424b-9868-57a2d4851a1d" relativeResultsDirectory="999b8380-3b6c-490c-933f-c268fee30394" />
    <UnitTestResult executionId="9ebd6b32-e3c8-4556-affa-b47d0d90b69d" testId="bad1749d-9277-acf6-a8de-ff225e5ae944" testName="RackCad.Tests.I58F3SeamTests.Real_authorities_preserve_authored_across_the_complete_seam(mode: &quot;cantilever&quot;, outcome: &quot;Single&quot;, reverse: False)" computerName="IMING-2" duration="00:00:00.3011614" startTime="2026-09-23T14:15:31.4733803-06:00" endTime="2026-09-23T14:15:31.4733807-06:00" testType="13cdc9d9-ddb5-4fa4-a97d-d965ccfc6d4b" outcome="Failed" testListId="8c84fa94-04c1-424b-9868-57a2d4851a1d" relativeResultsDirectory="9ebd6b32-e3c8-4556-affa-b47d0d90b69d">
      <Output>
        <ErrorInfo>
          <Message>Assert.Equal() Failure: Values differ&#xD;
Expected: 22222222-2222-2222-2222-222222222222&#xD;
Actual:   00000000-0000-0000-0000-000000000000</Message>
          <StackTrace>   at RackCad.Tests.I58F1DomainOracle.Values(CantileverLineDesign e, CantileverLineDesign a) in C:\Users\alejandra-mendoza\.codex\worktrees\architecture-shared-view-authored-comparators\tests\RackCad.Tests\I58F1DomainOracle.cs:line 931&#xD;
   at RackCad.Tests.I58F3SeamTests.Exercise[TAuthored,TResolved,TPlan](RackAuthoredInput input, String wanted, IRackAuthoredComparatorPort`2 comparator, Func`2 copy, Func`3 resolveFactory, Func`2 authority, Func`4 preparationFactory, Func`2 builder, IRackBlockRequirementExtractor`1 extractor, Action`2 values, Action`2 separate, Action`1 mutateWorking, Action`1 mutateEffective, Action`1 authoredInvariant, Action`1 resolvedInvariant, Action`1 planInvariant, DimensionViewKind view) in C:\Users\alejandra-mendoza\.codex\worktrees\architecture-shared-view-authored-comparators\tests\RackCad.Tests\I58F3SeamTests.cs:line 180&#xD;
   at RackCad.Tests.I58F3SeamTests.Real_authorities_preserve_authored_across_the_complete_seam(String mode, String outcome, Boolean reverse) in C:\Users\alejandra-mendoza\.codex\worktrees\architecture-shared-view-authored-comparators\tests\RackCad.Tests\I58F3SeamTests.cs:line 85&#xD;
   at InvokeStub_I58F3SeamTests.Real_authorities_preserve_authored_across_the_complete_seam(Object, Span`1)&#xD;
   at System.Reflection.MethodBaseInvoker.InvokeWithFewArgs(Object obj, BindingFlags invokeAttr, Binder binder, Object[] parameters, CultureInfo culture)</StackTrace>
        </ErrorInfo>
      </Output>
    </UnitTestResult>
    <UnitTestResult executionId="0f130513-d9e6-4f68-9755-36081b811459" testId="410b8cf2-1d99-0707-9808-35fb34e783f9" testName="RackCad.Tests.I58F3SeamTests.Real_authorities_preserve_authored_across_the_complete_seam(mode: &quot;cabecera&quot;, outcome: &quot;Single&quot;, reverse: False)" computerName="IMING-2" duration="00:00:00.0042240" startTime="2026-09-23T14:15:31.1659604-06:00" endTime="2026-09-23T14:15:31.1659607-06:00" testType="13cdc9d9-ddb5-4fa4-a97d-d965ccfc6d4b" outcome="Failed" testListId="8c84fa94-04c1-424b-9868-57a2d4851a1d" relativeResultsDirectory="0f130513-d9e6-4f68-9755-36081b811459">
      <Output>
        <ErrorInfo>
          <Message>Assert.Empty() Failure: Collection was not empty&#xD;
Collection: [FrameMember { Angle = 0, CatalogId = "H", End = FrameMemberEnd { ConnectionPointId = "h1", Elevation = 12, HorizontalPositionRatio = 1, PostSide = Right, Role = RightUpright }, IsStandard = True, Length = 48, ··· }, FrameMember { Angle = 0, CatalogId = "H", End = FrameMemberEnd { ConnectionPointId = "h2", Elevation = 120, HorizontalPositionRatio = 1, PostSide = Right, Role = RightUpright }, IsStandard = True, Length = 48, ··· }]</Message>
          <StackTrace>   at RackCad.Tests.I58F3SeamTests.&lt;&gt;c.&lt;Real_authorities_preserve_authored_across_the_complete_seam&gt;b__1_18(RackFrameConfiguration a) in C:\Users\alejandra-mendoza\.codex\worktrees\architecture-shared-view-authored-comparators\tests\RackCad.Tests\I58F3SeamTests.cs:line 106&#xD;
   at RackCad.Tests.I58F3SeamTests.Exercise[TAuthored,TResolved,TPlan](RackAuthoredInput input, String wanted, IRackAuthoredComparatorPort`2 comparator, Func`2 copy, Func`3 resolveFactory, Func`2 authority, Func`4 preparationFactory, Func`2 builder, IRackBlockRequirementExtractor`1 extractor, Action`2 values, Action`2 separate, Action`1 mutateWorking, Action`1 mutateEffective, Action`1 authoredInvariant, Action`1 resolvedInvariant, Action`1 planInvariant, DimensionViewKind view) in C:\Users\alejandra-mendoza\.codex\worktrees\architecture-shared-view-authored-comparators\tests\RackCad.Tests\I58F3SeamTests.cs:line 168&#xD;
   at RackCad.Tests.I58F3SeamTests.Real_authorities_preserve_authored_across_the_complete_seam(String mode, String outcome, Boolean reverse) in C:\Users\alejandra-mendoza\.codex\worktrees\architecture-shared-view-authored-comparators\tests\RackCad.Tests\I58F3SeamTests.cs:line 99&#xD;
   at InvokeStub_I58F3SeamTests.Real_authorities_preserve_authored_across_the_complete_seam(Object, Span`1)&#xD;
   at System.Reflection.MethodBaseInvoker.InvokeWithFewArgs(Object obj, BindingFlags invokeAttr, Binder binder, Object[] parameters, CultureInfo culture)</StackTrace>
        </ErrorInfo>
      </Output>
    </UnitTestResult>
    <UnitTestResult executionId="db487b36-c029-4f0c-8c87-0f0fc0c33829" testId="c1455b2f-e140-13f3-96c9-20468e23c259" testName="RackCad.Tests.I58F3SeamTests.Real_authorities_preserve_authored_across_the_complete_seam(mode: &quot;cabecera&quot;, outcome: &quot;Unreadable&quot;, reverse: False)" computerName="IMING-2" duration="00:00:00.0047278" startTime="2026-09-23T14:15:31.4771981-06:00" endTime="2026-09-23T14:15:31.4771985-06:00" testType="13cdc9d9-ddb5-4fa4-a97d-d965ccfc6d4b" outcome="Passed" testListId="8c84fa94-04c1-424b-9868-57a2d4851a1d" relativeResultsDirectory="db487b36-c029-4f0c-8c87-0f0fc0c33829" />
    <UnitTestResult executionId="f0ef3fe5-c92c-47bf-9ecc-4566defddc41" testId="7def3361-8942-c4e3-1a8a-ebf095125116" testName="RackCad.Tests.I58F3SeamTests.Real_authorities_preserve_authored_across_the_complete_seam(mode: &quot;cantilever&quot;, outcome: &quot;Divergent&quot;, reverse: False)" computerName="IMING-2" duration="00:00:00.1371182" startTime="2026-09-23T14:15:30.6157179-06:00" endTime="2026-09-23T14:15:30.6157184-06:00" testType="13cdc9d9-ddb5-4fa4-a97d-d965ccfc6d4b" outcome="Passed" testListId="8c84fa94-04c1-424b-9868-57a2d4851a1d" relativeResultsDirectory="f0ef3fe5-c92c-47bf-9ecc-4566defddc41" />
    <UnitTestResult executionId="dd68b834-3587-4f20-8a7b-fe50e8392231" testId="69dee854-138f-644c-4849-ff0f0adb4d30" testName="RackCad.Tests.I58F3SeamTests.Real_authorities_preserve_authored_across_the_complete_seam(mode: &quot;dynamic&quot;, outcome: &quot;Divergent&quot;, reverse: False)" computerName="IMING-2" duration="00:00:00.0066448" startTime="2026-09-23T14:15:30.6224899-06:00" endTime="2026-09-23T14:15:30.6224907-06:00" testType="13cdc9d9-ddb5-4fa4-a97d-d965ccfc6d4b" outcome="Passed" testListId="8c84fa94-04c1-424b-9868-57a2d4851a1d" relativeResultsDirectory="dd68b834-3587-4f20-8a7b-fe50e8392231" />
    <UnitTestResult executionId="5bcff1ac-2508-47b6-b949-a86e37be20ba" testId="ddefd3b9-623c-159f-47ac-036a5167787a" testName="RackCad.Tests.I58F3SeamTests.Real_authorities_preserve_authored_across_the_complete_seam(mode: &quot;dynamic-custom&quot;, outcome: &quot;Single&quot;, reverse: False)" computerName="IMING-2" duration="00:00:00.0074785" startTime="2026-09-23T14:15:31.5339651-06:00" endTime="2026-09-23T14:15:31.5339653-06:00" testType="13cdc9d9-ddb5-4fa4-a97d-d965ccfc6d4b" outcome="Failed" testListId="8c84fa94-04c1-424b-9868-57a2d4851a1d" relativeResultsDirectory="5bcff1ac-2508-47b6-b949-a86e37be20ba">
      <Output>
        <ErrorInfo>
          <Message>Assert.Equal() Failure: Values differ&#xD;
Expected: 40&#xD;
Actual:   163</Message>
          <StackTrace>   at RackCad.Tests.I58F1DomainOracle.Values(PalletSpecification e, PalletSpecification a) in C:\Users\alejandra-mendoza\.codex\worktrees\architecture-shared-view-authored-comparators\tests\RackCad.Tests\I58F1DomainOracle.cs:line 109&#xD;
   at RackCad.Tests.I58F1DomainOracle.Values(DynamicRackDesign e, DynamicRackDesign a) in C:\Users\alejandra-mendoza\.codex\worktrees\architecture-shared-view-authored-comparators\tests\RackCad.Tests\I58F1DomainOracle.cs:line 19&#xD;
   at RackCad.Tests.I58F3SeamTests.Exercise[TAuthored,TResolved,TPlan](RackAuthoredInput input, String wanted, IRackAuthoredComparatorPort`2 comparator, Func`2 copy, Func`3 resolveFactory, Func`2 authority, Func`4 preparationFactory, Func`2 builder, IRackBlockRequirementExtractor`1 extractor, Action`2 values, Action`2 separate, Action`1 mutateWorking, Action`1 mutateEffective, Action`1 authoredInvariant, Action`1 resolvedInvariant, Action`1 planInvariant, DimensionViewKind view) in C:\Users\alejandra-mendoza\.codex\worktrees\architecture-shared-view-authored-comparators\tests\RackCad.Tests\I58F3SeamTests.cs:line 180&#xD;
   at RackCad.Tests.I58F3SeamTests.Real_authorities_preserve_authored_across_the_complete_seam(String mode, String outcome, Boolean reverse) in C:\Users\alejandra-mendoza\.codex\worktrees\architecture-shared-view-authored-comparators\tests\RackCad.Tests\I58F3SeamTests.cs:line 48&#xD;
   at InvokeStub_I58F3SeamTests.Real_authorities_preserve_authored_across_the_complete_seam(Object, Span`1)&#xD;
   at System.Reflection.MethodBaseInvoker.InvokeWithFewArgs(Object obj, BindingFlags invokeAttr, Binder binder, Object[] parameters, CultureInfo culture)</StackTrace>
        </ErrorInfo>
      </Output>
    </UnitTestResult>
    <UnitTestResult executionId="0a07e6bb-a8ed-42fd-86ed-2af2d16fdfae" testId="bfe0b889-cd13-2054-667a-50885adac840" testName="RackCad.Tests.I58F3SeamTests.Real_authorities_preserve_authored_across_the_complete_seam(mode: &quot;pushback-composite&quot;, outcome: &quot;Divergent&quot;, reverse: True)" computerName="IMING-2" duration="00:00:00.0472270" startTime="2026-09-23T14:15:31.0330156-06:00" endTime="2026-09-23T14:15:31.0330166-06:00" testType="13cdc9d9-ddb5-4fa4-a97d-d965ccfc6d4b" outcome="Passed" testListId="8c84fa94-04c1-424b-9868-57a2d4851a1d" relativeResultsDirectory="0a07e6bb-a8ed-42fd-86ed-2af2d16fdfae" />
    <UnitTestResult executionId="50f202c6-befb-4f93-8133-cbeadf00ae45" testId="3b9d6591-31cf-19b7-55e4-249936572a5d" testName="RackCad.Tests.I58F3SeamTests.Real_authorities_preserve_authored_across_the_complete_seam(mode: &quot;dynamic-custom&quot;, outcome: &quot;MixedUnreadable&quot;, reverse: False)" computerName="IMING-2" duration="00:00:00.0096319" startTime="2026-09-23T14:15:31.0706579-06:00" endTime="2026-09-23T14:15:31.0706584-06:00" testType="13cdc9d9-ddb5-4fa4-a97d-d965ccfc6d4b" outcome="Passed" testListId="8c84fa94-04c1-424b-9868-57a2d4851a1d" relativeResultsDirectory="50f202c6-befb-4f93-8133-cbeadf00ae45" />
    <UnitTestResult executionId="59a76c67-83b8-4a61-b160-3d0aca42e944" testId="d3542065-b64f-5eb6-d26b-90cf40cb49c8" testName="RackCad.Tests.I58F3SeamTests.Real_authorities_preserve_authored_across_the_complete_seam(mode: &quot;pushback-simple&quot;, outcome: &quot;Unreadable&quot;, reverse: False)" computerName="IMING-2" duration="00:00:00.0043078" startTime="2026-09-23T14:15:31.5425407-06:00" endTime="2026-09-23T14:15:31.5425409-06:00" testType="13cdc9d9-ddb5-4fa4-a97d-d965ccfc6d4b" outcome="Passed" testListId="8c84fa94-04c1-424b-9868-57a2d4851a1d" relativeResultsDirectory="59a76c67-83b8-4a61-b160-3d0aca42e944" />
    <UnitTestResult executionId="73c51515-01eb-4bdd-b5e0-0cfc554c40f3" testId="86af406a-7b22-9107-660a-87419184a0e7" testName="RackCad.Tests.I58F3SeamTests.Real_authorities_preserve_authored_across_the_complete_seam(mode: &quot;dynamic&quot;, outcome: &quot;Unreadable&quot;, reverse: False)" computerName="IMING-2" duration="00:00:00.0046342" startTime="2026-09-23T14:15:31.0834941-06:00" endTime="2026-09-23T14:15:31.0834945-06:00" testType="13cdc9d9-ddb5-4fa4-a97d-d965ccfc6d4b" outcome="Passed" testListId="8c84fa94-04c1-424b-9868-57a2d4851a1d" relativeResultsDirectory="73c51515-01eb-4bdd-b5e0-0cfc554c40f3" />
    <UnitTestResult executionId="ee82da41-12d3-4f0b-b453-b38bc40f3331" testId="43cb8356-a8a8-afd0-3d3f-f286dcac4991" testName="RackCad.Tests.I58F3SeamTests.Real_authorities_preserve_authored_across_the_complete_seam(mode: &quot;dynamic-positive&quot;, outcome: &quot;Unreadable&quot;, reverse: False)" computerName="IMING-2" duration="00:00:00.0059971" startTime="2026-09-23T14:15:31.6829169-06:00" endTime="2026-09-23T14:15:31.6829173-06:00" testType="13cdc9d9-ddb5-4fa4-a97d-d965ccfc6d4b" outcome="Passed" testListId="8c84fa94-04c1-424b-9868-57a2d4851a1d" relativeResultsDirectory="ee82da41-12d3-4f0b-b453-b38bc40f3331" />
    <UnitTestResult executionId="7b57ac8b-cadb-4908-91ce-a7e9d6d4a355" testId="83fe1824-b0f5-8dfc-7484-2f153a5ddf5b" testName="RackCad.Tests.I58F3SeamTests.Real_authorities_preserve_authored_across_the_complete_seam(mode: &quot;dynamic-positive&quot;, outcome: &quot;Divergent&quot;, reverse: False)" computerName="IMING-2" duration="00:00:00.0056174" startTime="2026-09-23T14:15:31.0892469-06:00" endTime="2026-09-23T14:15:31.0892473-06:00" testType="13cdc9d9-ddb5-4fa4-a97d-d965ccfc6d4b" outcome="Passed" testListId="8c84fa94-04c1-424b-9868-57a2d4851a1d" relativeResultsDirectory="7b57ac8b-cadb-4908-91ce-a7e9d6d4a355" />
    <UnitTestResult executionId="0f457cfd-bb47-4fb4-996b-f217a67146d4" testId="3d2e0d6d-8da6-37c6-078c-bff67fd6a607" testName="RackCad.Tests.I58F3SeamTests.Real_authorities_preserve_authored_across_the_complete_seam(mode: &quot;dynamic-custom&quot;, outcome: &quot;Divergent&quot;, reverse: True)" computerName="IMING-2" duration="00:00:00.0083972" startTime="2026-09-23T14:15:30.8134776-06:00" endTime="2026-09-23T14:15:30.8134779-06:00" testType="13cdc9d9-ddb5-4fa4-a97d-d965ccfc6d4b" outcome="Passed" testListId="8c84fa94-04c1-424b-9868-57a2d4851a1d" relativeResultsDirectory="0f457cfd-bb47-4fb4-996b-f217a67146d4" />
    <UnitTestResult executionId="5522ddb6-adf8-4bae-a871-2a0e58406e69" testId="28c6fde1-e393-1d52-cdeb-e1f16f1786b6" testName="RackCad.Tests.I58F3SeamTests.Real_authorities_preserve_authored_across_the_complete_seam(mode: &quot;pushback-composite&quot;, outcome: &quot;Single&quot;, reverse: True)" computerName="IMING-2" duration="00:00:00.0735090" startTime="2026-09-23T14:15:30.9677098-06:00" endTime="2026-09-23T14:15:30.9677102-06:00" testType="13cdc9d9-ddb5-4fa4-a97d-d965ccfc6d4b" outcome="Failed" testListId="8c84fa94-04c1-424b-9868-57a2d4851a1d" relativeResultsDirectory="5522ddb6-adf8-4bae-a871-2a0e58406e69">
      <Output>
        <ErrorInfo>
          <Message>Assert.Equal() Failure: Values differ&#xD;
Expected: 42&#xD;
Actual:   165</Message>
          <StackTrace>   at RackCad.Tests.I58F1DomainOracle.Values(PalletSpecification e, PalletSpecification a) in C:\Users\alejandra-mendoza\.codex\worktrees\architecture-shared-view-authored-comparators\tests\RackCad.Tests\I58F1DomainOracle.cs:line 109&#xD;
   at RackCad.Tests.I58F1DomainOracle.Values(DynamicRackDesign e, DynamicRackDesign a) in C:\Users\alejandra-mendoza\.codex\worktrees\architecture-shared-view-authored-comparators\tests\RackCad.Tests\I58F1DomainOracle.cs:line 19&#xD;
   at RackCad.Tests.I58F1DomainOracle.Values(PushBackDesign e, PushBackDesign a) in C:\Users\alejandra-mendoza\.codex\worktrees\architecture-shared-view-authored-comparators\tests\RackCad.Tests\I58F1DomainOracle.cs:line 744&#xD;
   at RackCad.Tests.I58F3SeamTests.Exercise[TAuthored,TResolved,TPlan](RackAuthoredInput input, String wanted, IRackAuthoredComparatorPort`2 comparator, Func`2 copy, Func`3 resolveFactory, Func`2 authority, Func`4 preparationFactory, Func`2 builder, IRackBlockRequirementExtractor`1 extractor, Action`2 values, Action`2 separate, Action`1 mutateWorking, Action`1 mutateEffective, Action`1 authoredInvariant, Action`1 resolvedInvariant, Action`1 planInvariant, DimensionViewKind view) in C:\Users\alejandra-mendoza\.codex\worktrees\architecture-shared-view-authored-comparators\tests\RackCad.Tests\I58F3SeamTests.cs:line 180&#xD;
   at RackCad.Tests.I58F3SeamTests.Real_authorities_preserve_authored_across_the_complete_seam(String mode, String outcome, Boolean reverse) in C:\Users\alejandra-mendoza\.codex\worktrees\architecture-shared-view-authored-comparators\tests\RackCad.Tests\I58F3SeamTests.cs:line 63&#xD;
   at InvokeStub_I58F3SeamTests.Real_authorities_preserve_authored_across_the_complete_seam(Object, Span`1)&#xD;
   at System.Reflection.MethodBaseInvoker.InvokeWithFewArgs(Object obj, BindingFlags invokeAttr, Binder binder, Object[] parameters, CultureInfo culture)</StackTrace>
        </ErrorInfo>
      </Output>
    </UnitTestResult>
    <UnitTestResult executionId="8c3be725-1bce-464c-a928-0351db3a6e5f" testId="10718f94-0956-4424-411c-ff7ce98ab8cf" testName="RackCad.Tests.I58F3SeamTests.Real_authorities_preserve_authored_across_the_complete_seam(mode: &quot;pushback-simple&quot;, outcome: &quot;Divergent&quot;, reverse: True)" computerName="IMING-2" duration="00:00:00.0065945" startTime="2026-09-23T14:15:31.0483825-06:00" endTime="2026-09-23T14:15:31.0483830-06:00" testType="13cdc9d9-ddb5-4fa4-a97d-d965ccfc6d4b" outcome="Passed" testListId="8c84fa94-04c1-424b-9868-57a2d4851a1d" relativeResultsDirectory="8c3be725-1bce-464c-a928-0351db3a6e5f" />
    <UnitTestResult executionId="a0ee8352-f833-46ee-9427-409c9386d907" testId="8d626fda-8251-abc6-7f7a-4fdd71fdaa25" testName="RackCad.Tests.I58F3SeamTests.Real_authorities_preserve_authored_across_the_complete_seam(mode: &quot;cantilever&quot;, outcome: &quot;Unreadable&quot;, reverse: False)" computerName="IMING-2" duration="00:00:00.0028051" startTime="2026-09-23T14:15:31.5137958-06:00" endTime="2026-09-23T14:15:31.5137963-06:00" testType="13cdc9d9-ddb5-4fa4-a97d-d965ccfc6d4b" outcome="Passed" testListId="8c84fa94-04c1-424b-9868-57a2d4851a1d" relativeResultsDirectory="a0ee8352-f833-46ee-9427-409c9386d907" />
    <UnitTestResult executionId="bf210dac-9b9d-482d-8db1-c2c9033cdb68" testId="ea6ea679-62f8-c38a-9c82-947a562730af" testName="RackCad.Tests.I58F3SeamTests.Real_authorities_preserve_authored_across_the_complete_seam(mode: &quot;dynamic-positive&quot;, outcome: &quot;MixedUnreadable&quot;, reverse: True)" computerName="IMING-2" duration="00:00:00.0079732" startTime="2026-09-23T14:15:31.0787641-06:00" endTime="2026-09-23T14:15:31.0787646-06:00" testType="13cdc9d9-ddb5-4fa4-a97d-d965ccfc6d4b" outcome="Passed" testListId="8c84fa94-04c1-424b-9868-57a2d4851a1d" relativeResultsDirectory="bf210dac-9b9d-482d-8db1-c2c9033cdb68" />
    <UnitTestResult executionId="d20c2a5d-31c9-42a9-9d21-4d69c7582dc9" testId="3c046a08-4a1c-09bd-105b-bbe888d24724" testName="RackCad.Tests.I58F3SeamTests.Real_authorities_preserve_authored_across_the_complete_seam(mode: &quot;dynamic-custom&quot;, outcome: &quot;MixedUnreadable&quot;, reverse: True)" computerName="IMING-2" duration="00:00:00.0123273" startTime="2026-09-23T14:15:31.0608708-06:00" endTime="2026-09-23T14:15:31.0608719-06:00" testType="13cdc9d9-ddb5-4fa4-a97d-d965ccfc6d4b" outcome="Passed" testListId="8c84fa94-04c1-424b-9868-57a2d4851a1d" relativeResultsDirectory="d20c2a5d-31c9-42a9-9d21-4d69c7582dc9" />
    <UnitTestResult executionId="497e2f39-504a-4048-be51-9fd00f113892" testId="8b04f731-90a4-88e9-6ac2-30d7834c2adc" testName="RackCad.Tests.I58F3SeamTests.Real_authorities_preserve_authored_across_the_complete_seam(mode: &quot;dynamic&quot;, outcome: &quot;Single&quot;, reverse: False)" computerName="IMING-2" duration="00:00:00.0079028" startTime="2026-09-23T14:15:31.0986288-06:00" endTime="2026-09-23T14:15:31.0986289-06:00" testType="13cdc9d9-ddb5-4fa4-a97d-d965ccfc6d4b" outcome="Failed" testListId="8c84fa94-04c1-424b-9868-57a2d4851a1d" relativeResultsDirectory="497e2f39-504a-4048-be51-9fd00f113892">
      <Output>
        <ErrorInfo>
          <Message>Assert.Equal() Failure: Values differ&#xD;
Expected: 40&#xD;
Actual:   163</Message>
          <StackTrace>   at RackCad.Tests.I58F1DomainOracle.Values(PalletSpecification e, PalletSpecification a) in C:\Users\alejandra-mendoza\.codex\worktrees\architecture-shared-view-authored-comparators\tests\RackCad.Tests\I58F1DomainOracle.cs:line 109&#xD;
   at RackCad.Tests.I58F1DomainOracle.Values(DynamicRackDesign e, DynamicRackDesign a) in C:\Users\alejandra-mendoza\.codex\worktrees\architecture-shared-view-authored-comparators\tests\RackCad.Tests\I58F1DomainOracle.cs:line 19&#xD;
   at RackCad.Tests.I58F3SeamTests.Exercise[TAuthored,TResolved,TPlan](RackAuthoredInput input, String wanted, IRackAuthoredComparatorPort`2 comparator, Func`2 copy, Func`3 resolveFactory, Func`2 authority, Func`4 preparationFactory, Func`2 builder, IRackBlockRequirementExtractor`1 extractor, Action`2 values, Action`2 separate, Action`1 mutateWorking, Action`1 mutateEffective, Action`1 authoredInvariant, Action`1 resolvedInvariant, Action`1 planInvariant, DimensionViewKind view) in C:\Users\alejandra-mendoza\.codex\worktrees\architecture-shared-view-authored-comparators\tests\RackCad.Tests\I58F3SeamTests.cs:line 180&#xD;
   at RackCad.Tests.I58F3SeamTests.Real_authorities_preserve_authored_across_the_complete_seam(String mode, String outcome, Boolean reverse) in C:\Users\alejandra-mendoza\.codex\worktrees\architecture-shared-view-authored-comparators\tests\RackCad.Tests\I58F3SeamTests.cs:line 48&#xD;
   at InvokeStub_I58F3SeamTests.Real_authorities_preserve_authored_across_the_complete_seam(Object, Span`1)&#xD;
   at System.Reflection.MethodBaseInvoker.InvokeWithFewArgs(Object obj, BindingFlags invokeAttr, Binder binder, Object[] parameters, CultureInfo culture)</StackTrace>
        </ErrorInfo>
      </Output>
    </UnitTestResult>
  </Results>
  <TestDefinitions>
    <UnitTest name="RackCad.Tests.I58F3SeamTests.Real_authorities_preserve_authored_across_the_complete_seam(mode: &quot;cantilever&quot;, outcome: &quot;Single&quot;, reverse: False)" storage="c:\users\alejandra-mendoza\.codex\worktrees\architecture-shared-view-authored-comparators\tests\rackcad.tests\bin\debug\net8.0\rackcad.tests.dll" id="bad1749d-9277-acf6-a8de-ff225e5ae944">
      <Execution id="9ebd6b32-e3c8-4556-affa-b47d0d90b69d" />
      <TestMethod codeBase="C:\Users\alejandra-mendoza\.codex\worktrees\architecture-shared-view-authored-comparators\tests\RackCad.Tests\bin\Debug\net8.0\RackCad.Tests.dll" adapterTypeName="executor://xunit/VsTestRunner2/netcoreapp" className="RackCad.Tests.I58F3SeamTests" name="Real_authorities_preserve_authored_across_the_complete_seam" />
    </UnitTest>
    <UnitTest name="RackCad.Tests.I58F3SeamTests.Real_authorities_preserve_authored_across_the_complete_seam(mode: &quot;pushback-simple&quot;, outcome: &quot;Divergent&quot;, reverse: False)" storage="c:\users\alejandra-mendoza\.codex\worktrees\architecture-shared-view-authored-comparators\tests\rackcad.tests\bin\debug\net8.0\rackcad.tests.dll" id="904595fe-be55-f9a7-367e-f18d546796ad">
      <Execution id="d7e53c91-8348-498d-8da3-9dc9833a4acf" />
      <TestMethod codeBase="C:\Users\alejandra-mendoza\.codex\worktrees\architecture-shared-view-authored-comparators\tests\RackCad.Tests\bin\Debug\net8.0\RackCad.Tests.dll" adapterTypeName="executor://xunit/VsTestRunner2/netcoreapp" className="RackCad.Tests.I58F3SeamTests" name="Real_authorities_preserve_authored_across_the_complete_seam" />
    </UnitTest>
    <UnitTest name="RackCad.Tests.I58F3SeamTests.Real_authorities_preserve_authored_across_the_complete_seam(mode: &quot;dynamic-custom&quot;, outcome: &quot;Divergent&quot;, reverse: False)" storage="c:\users\alejandra-mendoza\.codex\worktrees\architecture-shared-view-authored-comparators\tests\rackcad.tests\bin\debug\net8.0\rackcad.tests.dll" id="8d79305b-3637-fbd2-b2bf-4388a666b5e7">
      <Execution id="2b765136-ca75-4e02-a1a1-82a8454bbd02" />
      <TestMethod codeBase="C:\Users\alejandra-mendoza\.codex\worktrees\architecture-shared-view-authored-comparators\tests\RackCad.Tests\bin\Debug\net8.0\RackCad.Tests.dll" adapterTypeName="executor://xunit/VsTestRunner2/netcoreapp" className="RackCad.Tests.I58F3SeamTests" name="Real_authorities_preserve_authored_across_the_complete_seam" />
    </UnitTest>
    <UnitTest name="RackCad.Tests.I58F3SeamTests.Real_authorities_preserve_authored_across_the_complete_seam(mode: &quot;pushback-composite&quot;, outcome: &quot;Single&quot;, reverse: False)" storage="c:\users\alejandra-mendoza\.codex\worktrees\architecture-shared-view-authored-comparators\tests\rackcad.tests\bin\debug\net8.0\rackcad.tests.dll" id="65c547a5-ea71-d346-ee03-2c7fa15f5057">
      <Execution id="f11724ba-2cd8-4dc7-bdb5-e3bf8b36cec2" />
      <TestMethod codeBase="C:\Users\alejandra-mendoza\.codex\worktrees\architecture-shared-view-authored-comparators\tests\RackCad.Tests\bin\Debug\net8.0\RackCad.Tests.dll" adapterTypeName="executor://xunit/VsTestRunner2/netcoreapp" className="RackCad.Tests.I58F3SeamTests" name="Real_authorities_preserve_authored_across_the_complete_seam" />
    </UnitTest>
    <UnitTest name="RackCad.Tests.I58F3SeamTests.Real_authorities_preserve_authored_across_the_complete_seam(mode: &quot;dynamic&quot;, outcome: &quot;MixedUnreadable&quot;, reverse: True)" storage="c:\users\alejandra-mendoza\.codex\worktrees\architecture-shared-view-authored-comparators\tests\rackcad.tests\bin\debug\net8.0\rackcad.tests.dll" id="fe5f0d86-dffb-8a2e-e84a-d886d4ca1d78">
      <Execution id="999b8380-3b6c-490c-933f-c268fee30394" />
      <TestMethod codeBase="C:\Users\alejandra-mendoza\.codex\worktrees\architecture-shared-view-authored-comparators\tests\RackCad.Tests\bin\Debug\net8.0\RackCad.Tests.dll" adapterTypeName="executor://xunit/VsTestRunner2/netcoreapp" className="RackCad.Tests.I58F3SeamTests" name="Real_authorities_preserve_authored_across_the_complete_seam" />
    </UnitTest>
    <UnitTest name="RackCad.Tests.I58F3SeamTests.Real_authorities_preserve_authored_across_the_complete_seam(mode: &quot;dynamic-custom&quot;, outcome: &quot;Unreadable&quot;, reverse: True)" storage="c:\users\alejandra-mendoza\.codex\worktrees\architecture-shared-view-authored-comparators\tests\rackcad.tests\bin\debug\net8.0\rackcad.tests.dll" id="bb3e6953-427f-c2c7-663b-4fd2a41467ea">
      <Execution id="8b679173-757f-4393-8130-16e2fb82bc70" />
      <TestMethod codeBase="C:\Users\alejandra-mendoza\.codex\worktrees\architecture-shared-view-authored-comparators\tests\RackCad.Tests\bin\Debug\net8.0\RackCad.Tests.dll" adapterTypeName="executor://xunit/VsTestRunner2/netcoreapp" className="RackCad.Tests.I58F3SeamTests" name="Real_authorities_preserve_authored_across_the_complete_seam" />
    </UnitTest>
    <UnitTest name="RackCad.Tests.I58F3SeamTests.Real_authorities_preserve_authored_across_the_complete_seam(mode: &quot;pushback-composite&quot;, outcome: &quot;MixedUnreadable&quot;, reverse: True)" storage="c:\users\alejandra-mendoza\.codex\worktrees\architecture-shared-view-authored-comparators\tests\rackcad.tests\bin\debug\net8.0\rackcad.tests.dll" id="d18e189b-2f33-5daf-54f8-6aed548ea556">
      <Execution id="3a2e1bef-631c-45da-8e13-5a25ffd14d77" />
      <TestMethod codeBase="C:\Users\alejandra-mendoza\.codex\worktrees\architecture-shared-view-authored-comparators\tests\RackCad.Tests\bin\Debug\net8.0\RackCad.Tests.dll" adapterTypeName="executor://xunit/VsTestRunner2/netcoreapp" className="RackCad.Tests.I58F3SeamTests" name="Real_authorities_preserve_authored_across_the_complete_seam" />
    </UnitTest>
    <UnitTest name="RackCad.Tests.I58F3SeamTests.Real_authorities_preserve_authored_across_the_complete_seam(mode: &quot;cabecera&quot;, outcome: &quot;Unreadable&quot;, reverse: False)" storage="c:\users\alejandra-mendoza\.codex\worktrees\architecture-shared-view-authored-comparators\tests\rackcad.tests\bin\debug\net8.0\rackcad.tests.dll" id="c1455b2f-e140-13f3-96c9-20468e23c259">
      <Execution id="db487b36-c029-4f0c-8c87-0f0fc0c33829" />
      <TestMethod codeBase="C:\Users\alejandra-mendoza\.codex\worktrees\architecture-shared-view-authored-comparators\tests\RackCad.Tests\bin\Debug\net8.0\RackCad.Tests.dll" adapterTypeName="executor://xunit/VsTestRunner2/netcoreapp" className="RackCad.Tests.I58F3SeamTests" name="Real_authorities_preserve_authored_across_the_complete_seam" />
    </UnitTest>
    <UnitTest name="RackCad.Tests.I58F3SeamTests.Real_authorities_preserve_authored_across_the_complete_seam(mode: &quot;pushback-composite&quot;, outcome: &quot;Unreadable&quot;, reverse: False)" storage="c:\users\alejandra-mendoza\.codex\worktrees\architecture-shared-view-authored-comparators\tests\rackcad.tests\bin\debug\net8.0\rackcad.tests.dll" id="96aa4a6e-65b8-4b8d-e853-b7cfa047e8df">
      <Execution id="ae2d61bd-4c25-4e61-a462-a4cd85ba5f82" />
      <TestMethod codeBase="C:\Users\alejandra-mendoza\.codex\worktrees\architecture-shared-view-authored-comparators\tests\RackCad.Tests\bin\Debug\net8.0\RackCad.Tests.dll" adapterTypeName="executor://xunit/VsTestRunner2/netcoreapp" className="RackCad.Tests.I58F3SeamTests" name="Real_authorities_preserve_authored_across_the_complete_seam" />
    </UnitTest>
    <UnitTest name="RackCad.Tests.I58F3SeamTests.Real_authorities_preserve_authored_across_the_complete_seam(mode: &quot;dynamic&quot;, outcome: &quot;Single&quot;, reverse: False)" storage="c:\users\alejandra-mendoza\.codex\worktrees\architecture-shared-view-authored-comparators\tests\rackcad.tests\bin\debug\net8.0\rackcad.tests.dll" id="8b04f731-90a4-88e9-6ac2-30d7834c2adc">
      <Execution id="497e2f39-504a-4048-be51-9fd00f113892" />
      <TestMethod codeBase="C:\Users\alejandra-mendoza\.codex\worktrees\architecture-shared-view-authored-comparators\tests\RackCad.Tests\bin\Debug\net8.0\RackCad.Tests.dll" adapterTypeName="executor://xunit/VsTestRunner2/netcoreapp" className="RackCad.Tests.I58F3SeamTests" name="Real_authorities_preserve_authored_across_the_complete_seam" />
    </UnitTest>
    <UnitTest name="RackCad.Tests.I58F3SeamTests.Real_authorities_preserve_authored_across_the_complete_seam(mode: &quot;cabecera&quot;, outcome: &quot;MixedUnreadable&quot;, reverse: True)" storage="c:\users\alejandra-mendoza\.codex\worktrees\architecture-shared-view-authored-comparators\tests\rackcad.tests\bin\debug\net8.0\rackcad.tests.dll" id="83ef3279-9d75-8325-3df2-e577b3ea7f37">
      <Execution id="81efd17f-fec5-4f7c-a46e-b118a7b7e65b" />
      <TestMethod codeBase="C:\Users\alejandra-mendoza\.codex\worktrees\architecture-shared-view-authored-comparators\tests\RackCad.Tests\bin\Debug\net8.0\RackCad.Tests.dll" adapterTypeName="executor://xunit/VsTestRunner2/netcoreapp" className="RackCad.Tests.I58F3SeamTests" name="Real_authorities_preserve_authored_across_the_complete_seam" />
    </UnitTest>
    <UnitTest name="RackCad.Tests.I58F3SeamTests.Real_authorities_preserve_authored_across_the_complete_seam(mode: &quot;pushback-simple&quot;, outcome: &quot;Unreadable&quot;, reverse: False)" storage="c:\users\alejandra-mendoza\.codex\worktrees\architecture-shared-view-authored-comparators\tests\rackcad.tests\bin\debug\net8.0\rackcad.tests.dll" id="d3542065-b64f-5eb6-d26b-90cf40cb49c8">
      <Execution id="59a76c67-83b8-4a61-b160-3d0aca42e944" />
      <TestMethod codeBase="C:\Users\alejandra-mendoza\.codex\worktrees\architecture-shared-view-authored-comparators\tests\RackCad.Tests\bin\Debug\net8.0\RackCad.Tests.dll" adapterTypeName="executor://xunit/VsTestRunner2/netcoreapp" className="RackCad.Tests.I58F3SeamTests" name="Real_authorities_preserve_authored_across_the_complete_seam" />
    </UnitTest>
    <UnitTest name="RackCad.Tests.I58F3SeamTests.Real_authorities_preserve_authored_across_the_complete_seam(mode: &quot;dynamic-custom&quot;, outcome: &quot;MixedUnreadable&quot;, reverse: False)" storage="c:\users\alejandra-mendoza\.codex\worktrees\architecture-shared-view-authored-comparators\tests\rackcad.tests\bin\debug\net8.0\rackcad.tests.dll" id="3b9d6591-31cf-19b7-55e4-249936572a5d">
      <Execution id="50f202c6-befb-4f93-8133-cbeadf00ae45" />
      <TestMethod codeBase="C:\Users\alejandra-mendoza\.codex\worktrees\architecture-shared-view-authored-comparators\tests\RackCad.Tests\bin\Debug\net8.0\RackCad.Tests.dll" adapterTypeName="executor://xunit/VsTestRunner2/netcoreapp" className="RackCad.Tests.I58F3SeamTests" name="Real_authorities_preserve_authored_across_the_complete_seam" />
    </UnitTest>
    <UnitTest name="RackCad.Tests.I58F3SeamTests.Real_authorities_preserve_authored_across_the_complete_seam(mode: &quot;dynamic&quot;, outcome: &quot;MixedUnreadable&quot;, reverse: False)" storage="c:\users\alejandra-mendoza\.codex\worktrees\architecture-shared-view-authored-comparators\tests\rackcad.tests\bin\debug\net8.0\rackcad.tests.dll" id="80fb6728-27b8-1bc2-b8eb-8e13d68bed8a">
      <Execution id="c46da56c-89a1-44a6-b00e-b4460feaa330" />
      <TestMethod codeBase="C:\Users\alejandra-mendoza\.codex\worktrees\architecture-shared-view-authored-comparators\tests\RackCad.Tests\bin\Debug\net8.0\RackCad.Tests.dll" adapterTypeName="executor://xunit/VsTestRunner2/netcoreapp" className="RackCad.Tests.I58F3SeamTests" name="Real_authorities_preserve_authored_across_the_complete_seam" />
    </UnitTest>
    <UnitTest name="RackCad.Tests.I58F3SeamTests.Real_authorities_preserve_authored_across_the_complete_seam(mode: &quot;pushback-composite&quot;, outcome: &quot;MixedUnreadable&quot;, reverse: False)" storage="c:\users\alejandra-mendoza\.codex\worktrees\architecture-shared-view-authored-comparators\tests\rackcad.tests\bin\debug\net8.0\rackcad.tests.dll" id="1d2e8994-3991-0732-edbd-77955bff352c">
      <Execution id="fc4eef64-38b1-4ce7-a57e-097fc86e4e7a" />
      <TestMethod codeBase="C:\Users\alejandra-mendoza\.codex\worktrees\architecture-shared-view-authored-comparators\tests\RackCad.Tests\bin\Debug\net8.0\RackCad.Tests.dll" adapterTypeName="executor://xunit/VsTestRunner2/netcoreapp" className="RackCad.Tests.I58F3SeamTests" name="Real_authorities_preserve_authored_across_the_complete_seam" />
    </UnitTest>
    <UnitTest name="RackCad.Tests.I58F3SeamTests.Real_authorities_preserve_authored_across_the_complete_seam(mode: &quot;dynamic-positive&quot;, outcome: &quot;Unreadable&quot;, reverse: False)" storage="c:\users\alejandra-mendoza\.codex\worktrees\architecture-shared-view-authored-comparators\tests\rackcad.tests\bin\debug\net8.0\rackcad.tests.dll" id="43cb8356-a8a8-afd0-3d3f-f286dcac4991">
      <Execution id="ee82da41-12d3-4f0b-b453-b38bc40f3331" />
      <TestMethod codeBase="C:\Users\alejandra-mendoza\.codex\worktrees\architecture-shared-view-authored-comparators\tests\RackCad.Tests\bin\Debug\net8.0\RackCad.Tests.dll" adapterTypeName="executor://xunit/VsTestRunner2/netcoreapp" className="RackCad.Tests.I58F3SeamTests" name="Real_authorities_preserve_authored_across_the_complete_seam" />
    </UnitTest>
    <UnitTest name="RackCad.Tests.I58F3SeamTests.Real_authorities_preserve_authored_across_the_complete_seam(mode: &quot;cantilever&quot;, outcome: &quot;Divergent&quot;, reverse: True)" storage="c:\users\alejandra-mendoza\.codex\worktrees\architecture-shared-view-authored-comparators\tests\rackcad.tests\bin\debug\net8.0\rackcad.tests.dll" id="b74fb373-8d5b-b285-0555-1ed9ad6007d1">
      <Execution id="c90c7e27-2cec-4b27-a837-ce72a470594d" />
      <TestMethod codeBase="C:\Users\alejandra-mendoza\.codex\worktrees\architecture-shared-view-authored-comparators\tests\RackCad.Tests\bin\Debug\net8.0\RackCad.Tests.dll" adapterTypeName="executor://xunit/VsTestRunner2/netcoreapp" className="RackCad.Tests.I58F3SeamTests" name="Real_authorities_preserve_authored_across_the_complete_seam" />
    </UnitTest>
    <UnitTest name="RackCad.Tests.I58F3SeamTests.Real_authorities_preserve_authored_across_the_complete_seam(mode: &quot;dynamic-custom&quot;, outcome: &quot;MixedUnreadable&quot;, reverse: True)" storage="c:\users\alejandra-mendoza\.codex\worktrees\architecture-shared-view-authored-comparators\tests\rackcad.tests\bin\debug\net8.0\rackcad.tests.dll" id="3c046a08-4a1c-09bd-105b-bbe888d24724">
      <Execution id="d20c2a5d-31c9-42a9-9d21-4d69c7582dc9" />
      <TestMethod codeBase="C:\Users\alejandra-mendoza\.codex\worktrees\architecture-shared-view-authored-comparators\tests\RackCad.Tests\bin\Debug\net8.0\RackCad.Tests.dll" adapterTypeName="executor://xunit/VsTestRunner2/netcoreapp" className="RackCad.Tests.I58F3SeamTests" name="Real_authorities_preserve_authored_across_the_complete_seam" />
    </UnitTest>
    <UnitTest name="RackCad.Tests.I58F3SeamTests.Real_authorities_preserve_authored_across_the_complete_seam(mode: &quot;dynamic-positive&quot;, outcome: &quot;Divergent&quot;, reverse: True)" storage="c:\users\alejandra-mendoza\.codex\worktrees\architecture-shared-view-authored-comparators\tests\rackcad.tests\bin\debug\net8.0\rackcad.tests.dll" id="5ca8fc80-db81-620a-c5e2-717aa6213b7a">
      <Execution id="97683f07-d4d1-49bc-8bf2-5bb10be8ef6c" />
      <TestMethod codeBase="C:\Users\alejandra-mendoza\.codex\worktrees\architecture-shared-view-authored-comparators\tests\RackCad.Tests\bin\Debug\net8.0\RackCad.Tests.dll" adapterTypeName="executor://xunit/VsTestRunner2/netcoreapp" className="RackCad.Tests.I58F3SeamTests" name="Real_authorities_preserve_authored_across_the_complete_seam" />
    </UnitTest>
    <UnitTest name="RackCad.Tests.I58F3SeamTests.Real_authorities_preserve_authored_across_the_complete_seam(mode: &quot;cantilever&quot;, outcome: &quot;Unreadable&quot;, reverse: False)" storage="c:\users\alejandra-mendoza\.codex\worktrees\architecture-shared-view-authored-comparators\tests\rackcad.tests\bin\debug\net8.0\rackcad.tests.dll" id="8d626fda-8251-abc6-7f7a-4fdd71fdaa25">
      <Execution id="a0ee8352-f833-46ee-9427-409c9386d907" />
      <TestMethod codeBase="C:\Users\alejandra-mendoza\.codex\worktrees\architecture-shared-view-authored-comparators\tests\RackCad.Tests\bin\Debug\net8.0\RackCad.Tests.dll" adapterTypeName="executor://xunit/VsTestRunner2/netcoreapp" className="RackCad.Tests.I58F3SeamTests" name="Real_authorities_preserve_authored_across_the_complete_seam" />
    </UnitTest>
    <UnitTest name="RackCad.Tests.I58F3SeamTests.Real_authorities_preserve_authored_across_the_complete_seam(mode: &quot;dynamic&quot;, outcome: &quot;Unreadable&quot;, reverse: True)" storage="c:\users\alejandra-mendoza\.codex\worktrees\architecture-shared-view-authored-comparators\tests\rackcad.tests\bin\debug\net8.0\rackcad.tests.dll" id="96a23857-6866-941a-9797-9d288fb36942">
      <Execution id="186d2101-b664-4ef6-a865-b824182f0360" />
      <TestMethod codeBase="C:\Users\alejandra-mendoza\.codex\worktrees\architecture-shared-view-authored-comparators\tests\RackCad.Tests\bin\Debug\net8.0\RackCad.Tests.dll" adapterTypeName="executor://xunit/VsTestRunner2/netcoreapp" className="RackCad.Tests.I58F3SeamTests" name="Real_authorities_preserve_authored_across_the_complete_seam" />
    </UnitTest>
[...]
[xUnit.net 00:00:05.04]         C:\Users\alejandra-mendoza\.codex\worktrees\architecture-shared-view-authored-comparators\tests\RackCad.Tests\I58F3SeamTests.cs(48,0): at RackCad.Tests.I58F3SeamTests.Real_authorities_preserve_authored_across_the_complete_seam(String mode, String outcome, Boolean reverse)&#xD;
[xUnit.net 00:00:05.04]            at InvokeStub_I58F3SeamTests.Real_authorities_preserve_authored_across_the_complete_seam(Object, Span`1)&#xD;
[xUnit.net 00:00:05.04]            at System.Reflection.MethodBaseInvoker.InvokeWithFewArgs(Object obj, BindingFlags invokeAttr, Binder binder, Object[] parameters, CultureInfo culture)&#xD;
[xUnit.net 00:00:05.05]       Assert.Equal() Failure: Values differ&#xD;
[xUnit.net 00:00:05.05]       Expected: 40&#xD;
[xUnit.net 00:00:05.05]       Actual:   163&#xD;
[xUnit.net 00:00:05.05]       Stack Trace:&#xD;
[xUnit.net 00:00:05.05]         C:\Users\alejandra-mendoza\.codex\worktrees\architecture-shared-view-authored-comparators\tests\RackCad.Tests\I58F1DomainOracle.cs(109,0): at RackCad.Tests.I58F1DomainOracle.Values(PalletSpecification e, PalletSpecification a)&#xD;
[xUnit.net 00:00:05.05]         C:\Users\alejandra-mendoza\.codex\worktrees\architecture-shared-view-authored-comparators\tests\RackCad.Tests\I58F1DomainOracle.cs(19,0): at RackCad.Tests.I58F1DomainOracle.Values(DynamicRackDesign e, DynamicRackDesign a)&#xD;
[xUnit.net 00:00:05.05]         C:\Users\alejandra-mendoza\.codex\worktrees\architecture-shared-view-authored-comparators\tests\RackCad.Tests\I58F3SeamTests.cs(180,0): at RackCad.Tests.I58F3SeamTests.Exercise[TAuthored,TResolved,TPlan](RackAuthoredInput input, String wanted, IRackAuthoredComparatorPort`2 comparator, Func`2 copy, Func`3 resolveFactory, Func`2 authority, Func`4 preparationFactory, Func`2 builder, IRackBlockRequirementExtractor`1 extractor, Action`2 values, Action`2 separate, Action`1 mutateWorking, Action`1 mutateEffective, Action`1 authoredInvariant, Action`1 resolvedInvariant, Action`1 planInvariant, DimensionViewKind view)&#xD;
[xUnit.net 00:00:05.05]         C:\Users\alejandra-mendoza\.codex\worktrees\architecture-shared-view-authored-comparators\tests\RackCad.Tests\I58F3SeamTests.cs(48,0): at RackCad.Tests.I58F3SeamTests.Real_authorities_preserve_authored_across_the_complete_seam(String mode, String outcome, Boolean reverse)&#xD;
[xUnit.net 00:00:05.05]            at InvokeStub_I58F3SeamTests.Real_authorities_preserve_authored_across_the_complete_seam(Object, Span`1)&#xD;
[xUnit.net 00:00:05.05]            at System.Reflection.MethodBaseInvoker.InvokeWithFewArgs(Object obj, BindingFlags invokeAttr, Binder binder, Object[] parameters, CultureInfo culture)&#xD;
[xUnit.net 00:00:05.10]       Assert.Empty() Failure: Collection was not empty&#xD;
[xUnit.net 00:00:05.10]       Collection: [FrameMember { Angle = 0, CatalogId = "H", End = FrameMemberEnd { ConnectionPointId = "h1", Elevation = 12, HorizontalPositionRatio = 1, PostSide = Right, Role = RightUpright }, IsStandard = True, Length = 48, ··· }, FrameMember { Angle = 0, CatalogId = "H", End = FrameMemberEnd { ConnectionPointId = "h2", Elevation = 120, HorizontalPositionRatio = 1, PostSide = Right, Role = RightUpright }, IsStandard = True, Length = 48, ··· }]&#xD;
[xUnit.net 00:00:05.10]       Stack Trace:&#xD;
[xUnit.net 00:00:05.10]         C:\Users\alejandra-mendoza\.codex\worktrees\architecture-shared-view-authored-comparators\tests\RackCad.Tests\I58F3SeamTests.cs(106,0): at RackCad.Tests.I58F3SeamTests.&lt;&gt;c.&lt;Real_authorities_preserve_authored_across_the_complete_seam&gt;b__1_18(RackFrameConfiguration a)&#xD;
[xUnit.net 00:00:05.10]         C:\Users\alejandra-mendoza\.codex\worktrees\architecture-shared-view-authored-comparators\tests\RackCad.Tests\I58F3SeamTests.cs(168,0): at RackCad.Tests.I58F3SeamTests.Exercise[TAuthored,TResolved,TPlan](RackAuthoredInput input, String wanted, IRackAuthoredComparatorPort`2 comparator, Func`2 copy, Func`3 resolveFactory, Func`2 authority, Func`4 preparationFactory, Func`2 builder, IRackBlockRequirementExtractor`1 extractor, Action`2 values, Action`2 separate, Action`1 mutateWorking, Action`1 mutateEffective, Action`1 authoredInvariant, Action`1 resolvedInvariant, Action`1 planInvariant, DimensionViewKind view)&#xD;
[xUnit.net 00:00:05.10]         C:\Users\alejandra-mendoza\.codex\worktrees\architecture-shared-view-authored-comparators\tests\RackCad.Tests\I58F3SeamTests.cs(99,0): at RackCad.Tests.I58F3SeamTests.Real_authorities_preserve_authored_across_the_complete_seam(String mode, String outcome, Boolean reverse)&#xD;
[xUnit.net 00:00:05.10]            at InvokeStub_I58F3SeamTests.Real_authorities_preserve_authored_across_the_complete_seam(Object, Span`1)&#xD;
[xUnit.net 00:00:05.10]            at System.Reflection.MethodBaseInvoker.InvokeWithFewArgs(Object obj, BindingFlags invokeAttr, Binder binder, Object[] parameters, CultureInfo culture)&#xD;
[xUnit.net 00:00:05.41]       Assert.Equal() Failure: Values differ&#xD;
[xUnit.net 00:00:05.41]       Expected: 22222222-2222-2222-2222-222222222222&#xD;
[xUnit.net 00:00:05.41]       Actual:   00000000-0000-0000-0000-000000000000&#xD;
[xUnit.net 00:00:05.41]       Stack Trace:&#xD;
[xUnit.net 00:00:05.41]         C:\Users\alejandra-mendoza\.codex\worktrees\architecture-shared-view-authored-comparators\tests\RackCad.Tests\I58F1DomainOracle.cs(931,0): at RackCad.Tests.I58F1DomainOracle.Values(CantileverLineDesign e, CantileverLineDesign a)&#xD;
[xUnit.net 00:00:05.41]         C:\Users\alejandra-mendoza\.codex\worktrees\architecture-shared-view-authored-comparators\tests\RackCad.Tests\I58F3SeamTests.cs(180,0): at RackCad.Tests.I58F3SeamTests.Exercise[TAuthored,TResolved,TPlan](RackAuthoredInput input, String wanted, IRackAuthoredComparatorPort`2 comparator, Func`2 copy, Func`3 resolveFactory, Func`2 authority, Func`4 preparationFactory, Func`2 builder, IRackBlockRequirementExtractor`1 extractor, Action`2 values, Action`2 separate, Action`1 mutateWorking, Action`1 mutateEffective, Action`1 authoredInvariant, Action`1 resolvedInvariant, Action`1 planInvariant, DimensionViewKind view)&#xD;
[xUnit.net 00:00:05.41]         C:\Users\alejandra-mendoza\.codex\worktrees\architecture-shared-view-authored-comparators\tests\RackCad.Tests\I58F3SeamTests.cs(85,0): at RackCad.Tests.I58F3SeamTests.Real_authorities_preserve_authored_across_the_complete_seam(String mode, String outcome, Boolean reverse)&#xD;
[xUnit.net 00:00:05.41]            at InvokeStub_I58F3SeamTests.Real_authorities_preserve_authored_across_the_complete_seam(Object, Span`1)&#xD;
[xUnit.net 00:00:05.41]            at System.Reflection.MethodBaseInvoker.InvokeWithFewArgs(Object obj, BindingFlags invokeAttr, Binder binder, Object[] parameters, CultureInfo culture)&#xD;
[xUnit.net 00:00:05.47]       Assert.Equal() Failure: Values differ&#xD;
[xUnit.net 00:00:05.47]       Expected: 40&#xD;
[xUnit.net 00:00:05.47]       Actual:   163&#xD;
[xUnit.net 00:00:05.47]       Stack Trace:&#xD;
[xUnit.net 00:00:05.47]         C:\Users\alejandra-mendoza\.codex\worktrees\architecture-shared-view-authored-comparators\tests\RackCad.Tests\I58F1DomainOracle.cs(109,0): at RackCad.Tests.I58F1DomainOracle.Values(PalletSpecification e, PalletSpecification a)&#xD;
[xUnit.net 00:00:05.47]         C:\Users\alejandra-mendoza\.codex\worktrees\architecture-shared-view-authored-comparators\tests\RackCad.Tests\I58F1DomainOracle.cs(19,0): at RackCad.Tests.I58F1DomainOracle.Values(DynamicRackDesign e, DynamicRackDesign a)&#xD;
[xUnit.net 00:00:05.47]         C:\Users\alejandra-mendoza\.codex\worktrees\architecture-shared-view-authored-comparators\tests\RackCad.Tests\I58F3SeamTests.cs(180,0): at RackCad.Tests.I58F3SeamTests.Exercise[TAuthored,TResolved,TPlan](RackAuthoredInput input, String wanted, IRackAuthoredComparatorPort`2 comparator, Func`2 copy, Func`3 resolveFactory, Func`2 authority, Func`4 preparationFactory, Func`2 builder, IRackBlockRequirementExtractor`1 extractor, Action`2 values, Action`2 separate, Action`1 mutateWorking, Action`1 mutateEffective, Action`1 authoredInvariant, Action`1 resolvedInvariant, Action`1 planInvariant, DimensionViewKind view)&#xD;
[xUnit.net 00:00:05.47]         C:\Users\alejandra-mendoza\.codex\worktrees\architecture-shared-view-authored-comparators\tests\RackCad.Tests\I58F3SeamTests.cs(48,0): at RackCad.Tests.I58F3SeamTests.Real_authorities_preserve_authored_across_the_complete_seam(String mode, String outcome, Boolean reverse)&#xD;
[xUnit.net 00:00:05.47]            at InvokeStub_I58F3SeamTests.Real_authorities_preserve_authored_across_the_complete_seam(Object, Span`1)&#xD;
[xUnit.net 00:00:05.47]            at System.Reflection.MethodBaseInvoker.InvokeWithFewArgs(Object obj, BindingFlags invokeAttr, Binder binder, Object[] parameters, CultureInfo culture)&#xD;
[xUnit.net 00:00:05.52]       Assert.Equal() Failure: Values differ&#xD;
[xUnit.net 00:00:05.52]       Expected: 22222222-2222-2222-2222-222222222222&#xD;
[xUnit.net 00:00:05.52]       Actual:   00000000-0000-0000-0000-000000000000&#xD;
[xUnit.net 00:00:05.52]       Stack Trace:&#xD;
[xUnit.net 00:00:05.52]         C:\Users\alejandra-mendoza\.codex\worktrees\architecture-shared-view-authored-comparators\tests\RackCad.Tests\I58F1DomainOracle.cs(931,0): at RackCad.Tests.I58F1DomainOracle.Values(CantileverLineDesign e, CantileverLineDesign a)&#xD;
[xUnit.net 00:00:05.52]         C:\Users\alejandra-mendoza\.codex\worktrees\architecture-shared-view-authored-comparators\tests\RackCad.Tests\I58F3SeamTests.cs(180,0): at RackCad.Tests.I58F3SeamTests.Exercise[TAuthored,TResolved,TPlan](RackAuthoredInput input, String wanted, IRackAuthoredComparatorPort`2 comparator, Func`2 copy, Func`3 resolveFactory, Func`2 authority, Func`4 preparationFactory, Func`2 builder, IRackBlockRequirementExtractor`1 extractor, Action`2 values, Action`2 separate, Action`1 mutateWorking, Action`1 mutateEffective, Action`1 authoredInvariant, Action`1 resolvedInvariant, Action`1 planInvariant, DimensionViewKind view)&#xD;
[xUnit.net 00:00:05.52]         C:\Users\alejandra-mendoza\.codex\worktrees\architecture-shared-view-authored-comparators\tests\RackCad.Tests\I58F3SeamTests.cs(85,0): at RackCad.Tests.I58F3SeamTests.Real_authorities_preserve_authored_across_the_complete_seam(String mode, String outcome, Boolean reverse)&#xD;
[xUnit.net 00:00:05.52]            at InvokeStub_I58F3SeamTests.Real_authorities_preserve_authored_across_the_complete_seam(Object, Span`1)&#xD;
[xUnit.net 00:00:05.52]            at System.Reflection.MethodBaseInvoker.InvokeWithFewArgs(Object obj, BindingFlags invokeAttr, Binder binder, Object[] parameters, CultureInfo culture)&#xD;
[xUnit.net 00:00:05.56]       Assert.Equal() Failure: Values differ&#xD;
[xUnit.net 00:00:05.56]       Expected: 42&#xD;
[xUnit.net 00:00:05.56]       Actual:   165&#xD;
[xUnit.net 00:00:05.56]       Stack Trace:&#xD;
[xUnit.net 00:00:05.56]         C:\Users\alejandra-mendoza\.codex\worktrees\architecture-shared-view-authored-comparators\tests\RackCad.Tests\I58F1DomainOracle.cs(109,0): at RackCad.Tests.I58F1DomainOracle.Values(PalletSpecification e, PalletSpecification a)&#xD;
[xUnit.net 00:00:05.56]         C:\Users\alejandra-mendoza\.codex\worktrees\architecture-shared-view-authored-comparators\tests\RackCad.Tests\I58F1DomainOracle.cs(19,0): at RackCad.Tests.I58F1DomainOracle.Values(DynamicRackDesign e, DynamicRackDesign a)&#xD;
[xUnit.net 00:00:05.56]         C:\Users\alejandra-mendoza\.codex\worktrees\architecture-shared-view-authored-comparators\tests\RackCad.Tests\I58F1DomainOracle.cs(744,0): at RackCad.Tests.I58F1DomainOracle.Values(PushBackDesign e, PushBackDesign a)&#xD;
[xUnit.net 00:00:05.56]         C:\Users\alejandra-mendoza\.codex\worktrees\architecture-shared-view-authored-comparators\tests\RackCad.Tests\I58F3SeamTests.cs(180,0): at RackCad.Tests.I58F3SeamTests.Exercise[TAuthored,TResolved,TPlan](RackAuthoredInput input, String wanted, IRackAuthoredComparatorPort`2 comparator, Func`2 copy, Func`3 resolveFactory, Func`2 authority, Func`4 preparationFactory, Func`2 builder, IRackBlockRequirementExtractor`1 extractor, Action`2 values, Action`2 separate, Action`1 mutateWorking, Action`1 mutateEffective, Action`1 authoredInvariant, Action`1 resolvedInvariant, Action`1 planInvariant, DimensionViewKind view)&#xD;
[xUnit.net 00:00:05.56]         C:\Users\alejandra-mendoza\.codex\worktrees\architecture-shared-view-authored-comparators\tests\RackCad.Tests\I58F3SeamTests.cs(63,0): at RackCad.Tests.I58F3SeamTests.Real_authorities_preserve_authored_across_the_complete_seam(String mode, String outcome, Boolean reverse)&#xD;
[xUnit.net 00:00:05.56]            at InvokeStub_I58F3SeamTests.Real_authorities_preserve_authored_across_the_complete_seam(Object, Span`1)&#xD;
[xUnit.net 00:00:05.56]            at System.Reflection.MethodBaseInvoker.InvokeWithFewArgs(Object obj, BindingFlags invokeAttr, Binder binder, Object[] parameters, CultureInfo culture)&#xD;
[xUnit.net 00:00:05.57]       Assert.Equal() Failure: Values differ&#xD;
[xUnit.net 00:00:05.57]       Expected: 40&#xD;
[xUnit.net 00:00:05.57]       Actual:   163&#xD;
[xUnit.net 00:00:05.57]       Stack Trace:&#xD;
[xUnit.net 00:00:05.57]         C:\Users\alejandra-mendoza\.codex\worktrees\architecture-shared-view-authored-comparators\tests\RackCad.Tests\I58F1DomainOracle.cs(109,0): at RackCad.Tests.I58F1DomainOracle.Values(PalletSpecification e, PalletSpecification a)&#xD;
[xUnit.net 00:00:05.57]         C:\Users\alejandra-mendoza\.codex\worktrees\architecture-shared-view-authored-comparators\tests\RackCad.Tests\I58F1DomainOracle.cs(19,0): at RackCad.Tests.I58F1DomainOracle.Values(DynamicRackDesign e, DynamicRackDesign a)&#xD;
[xUnit.net 00:00:05.57]         C:\Users\alejandra-mendoza\.codex\worktrees\architecture-shared-view-authored-comparators\tests\RackCad.Tests\I58F3SeamTests.cs(180,0): at RackCad.Tests.I58F3SeamTests.Exercise[TAuthored,TResolved,TPlan](RackAuthoredInput input, String wanted, IRackAuthoredComparatorPort`2 comparator, Func`2 copy, Func`3 resolveFactory, Func`2 authority, Func`4 preparationFactory, Func`2 builder, IRackBlockRequirementExtractor`1 extractor, Action`2 values, Action`2 separate, Action`1 mutateWorking, Action`1 mutateEffective, Action`1 authoredInvariant, Action`1 resolvedInvariant, Action`1 planInvariant, DimensionViewKind view)&#xD;
[xUnit.net 00:00:05.57]         C:\Users\alejandra-mendoza\.codex\worktrees\architecture-shared-view-authored-comparators\tests\RackCad.Tests\I58F3SeamTests.cs(48,0): at RackCad.Tests.I58F3SeamTests.Real_authorities_preserve_authored_across_the_complete_seam(String mode, String outcome, Boolean reverse)&#xD;
[xUnit.net 00:00:05.57]            at InvokeStub_I58F3SeamTests.Real_authorities_preserve_authored_across_the_complete_seam(Object, Span`1)&#xD;
[xUnit.net 00:00:05.57]            at System.Reflection.MethodBaseInvoker.InvokeWithFewArgs(Object obj, BindingFlags invokeAttr, Binder binder, Object[] parameters, CultureInfo culture)&#xD;
[xUnit.net 00:00:05.63]   Finished:    RackCad.Tests&#xD;
</StdOut>
    </Output>
    <RunInfos>
      <RunInfo computerName="IMING-2" outcome="Error" timestamp="2026-09-23T14:15:30.8088776-06:00">
        <Text>[xUnit.net 00:00:04.74]     RackCad.Tests.I58F3SeamTests.Real_authorities_preserve_authored_across_the_complete_seam(mode: "pushback-simple", outcome: "Single", reverse: False) [FAIL]</Text>
      </RunInfo>
      <RunInfo computerName="IMING-2" outcome="Error" timestamp="2026-09-23T14:15:30.9282518-06:00">
        <Text>[xUnit.net 00:00:04.81]     RackCad.Tests.I58F3SeamTests.Real_authorities_preserve_authored_across_the_complete_seam(mode: "cabecera", outcome: "Single", reverse: True) [FAIL]</Text>
      </RunInfo>
      <RunInfo computerName="IMING-2" outcome="Error" timestamp="2026-09-23T14:15:30.9283818-06:00">
        <Text>[xUnit.net 00:00:04.82]     RackCad.Tests.I58F3SeamTests.Real_authorities_preserve_authored_across_the_complete_seam(mode: "dynamic", outcome: "Single", reverse: True) [FAIL]</Text>
      </RunInfo>
      <RunInfo computerName="IMING-2" outcome="Error" timestamp="2026-09-23T14:15:30.9670904-06:00">
        <Text>[xUnit.net 00:00:04.90]     RackCad.Tests.I58F3SeamTests.Real_authorities_preserve_authored_across_the_complete_seam(mode: "pushback-composite", outcome: "Single", reverse: True) [FAIL]</Text>
      </RunInfo>
      <RunInfo computerName="IMING-2" outcome="Error" timestamp="2026-09-23T14:15:30.9818183-06:00">
        <Text>[xUnit.net 00:00:04.92]     RackCad.Tests.I58F3SeamTests.Real_authorities_preserve_authored_across_the_complete_seam(mode: "pushback-simple", outcome: "Single", reverse: True) [FAIL]</Text>
      </RunInfo>
      <RunInfo computerName="IMING-2" outcome="Error" timestamp="2026-09-23T14:15:31.0981252-06:00">
        <Text>[xUnit.net 00:00:05.03]     RackCad.Tests.I58F3SeamTests.Real_authorities_preserve_authored_across_the_complete_seam(mode: "dynamic", outcome: "Single", reverse: False) [FAIL]</Text>
      </RunInfo>
      <RunInfo computerName="IMING-2" outcome="Error" timestamp="2026-09-23T14:15:31.1100307-06:00">
        <Text>[xUnit.net 00:00:05.04]     RackCad.Tests.I58F3SeamTests.Real_authorities_preserve_authored_across_the_complete_seam(mode: "dynamic-custom", outcome: "Single", reverse: True) [FAIL]</Text>
      </RunInfo>
      <RunInfo computerName="IMING-2" outcome="Error" timestamp="2026-09-23T14:15:31.1181167-06:00">
        <Text>[xUnit.net 00:00:05.05]     RackCad.Tests.I58F3SeamTests.Real_authorities_preserve_authored_across_the_complete_seam(mode: "dynamic-positive", outcome: "Single", reverse: True) [FAIL]</Text>
      </RunInfo>
      <RunInfo computerName="IMING-2" outcome="Error" timestamp="2026-09-23T14:15:31.1658042-06:00">
        <Text>[xUnit.net 00:00:05.10]     RackCad.Tests.I58F3SeamTests.Real_authorities_preserve_authored_across_the_complete_seam(mode: "cabecera", outcome: "Single", reverse: False) [FAIL]</Text>
      </RunInfo>
      <RunInfo computerName="IMING-2" outcome="Error" timestamp="2026-09-23T14:15:31.4729091-06:00">
        <Text>[xUnit.net 00:00:05.41]     RackCad.Tests.I58F3SeamTests.Real_authorities_preserve_authored_across_the_complete_seam(mode: "cantilever", outcome: "Single", reverse: False) [FAIL]</Text>
      </RunInfo>
      <RunInfo computerName="IMING-2" outcome="Error" timestamp="2026-09-23T14:15:31.5336100-06:00">
        <Text>[xUnit.net 00:00:05.47]     RackCad.Tests.I58F3SeamTests.Real_authorities_preserve_authored_across_the_complete_seam(mode: "dynamic-custom", outcome: "Single", reverse: False) [FAIL]</Text>
      </RunInfo>
      <RunInfo computerName="IMING-2" outcome="Error" timestamp="2026-09-23T14:15:31.5813089-06:00">
        <Text>[xUnit.net 00:00:05.52]     RackCad.Tests.I58F3SeamTests.Real_authorities_preserve_authored_across_the_complete_seam(mode: "cantilever", outcome: "Single", reverse: True) [FAIL]</Text>
      </RunInfo>
      <RunInfo computerName="IMING-2" outcome="Error" timestamp="2026-09-23T14:15:31.6208407-06:00">
        <Text>[xUnit.net 00:00:05.56]     RackCad.Tests.I58F3SeamTests.Real_authorities_preserve_authored_across_the_complete_seam(mode: "pushback-composite", outcome: "Single", reverse: False) [FAIL]</Text>
      </RunInfo>
      <RunInfo computerName="IMING-2" outcome="Error" timestamp="2026-09-23T14:15:31.6332248-06:00">
        <Text>[xUnit.net 00:00:05.57]     RackCad.Tests.I58F3SeamTests.Real_authorities_preserve_authored_across_the_complete_seam(mode: "dynamic-positive", outcome: "Single", reverse: False) [FAIL]</Text>
      </RunInfo>
    </RunInfos>
  </ResultSummary>
</TestRun>